[2025-11-09T15:10:50.307+0000] {taskinstance.py:1157} INFO - Dependencies all met for dep_context=non-requeueable deps ti=<TaskInstance: dag_incremental_etl.start scheduled__2025-11-08T00:00:00+00:00 [queued]>
[2025-11-09T15:10:50.313+0000] {taskinstance.py:1157} INFO - Dependencies all met for dep_context=requeueable deps ti=<TaskInstance: dag_incremental_etl.start scheduled__2025-11-08T00:00:00+00:00 [queued]>
[2025-11-09T15:10:50.313+0000] {taskinstance.py:1359} INFO - Starting attempt 1 of 1
[2025-11-09T15:10:50.329+0000] {taskinstance.py:1380} INFO - Executing <Task(PythonOperator): start> on 2025-11-08 00:00:00+00:00
[2025-11-09T15:10:50.333+0000] {standard_task_runner.py:57} INFO - Started process 423 to run task
[2025-11-09T15:10:50.338+0000] {standard_task_runner.py:84} INFO - Running: ['***', 'tasks', 'run', 'dag_incremental_etl', 'start', 'scheduled__2025-11-08T00:00:00+00:00', '--job-id', '3', '--raw', '--subdir', 'DAGS_FOLDER/minio.py', '--cfg-path', '/tmp/tmp00a5u4sb']
[2025-11-09T15:10:50.344+0000] {standard_task_runner.py:85} INFO - Job 3: Subtask start
[2025-11-09T15:10:50.436+0000] {task_command.py:415} INFO - Running <TaskInstance: dag_incremental_etl.start scheduled__2025-11-08T00:00:00+00:00 [running]> on host 863c17993851
[2025-11-09T15:10:50.541+0000] {taskinstance.py:1660} INFO - Exporting env vars: AIRFLOW_CTX_DAG_OWNER='Soumil Shah' AIRFLOW_CTX_DAG_ID='dag_incremental_etl' AIRFLOW_CTX_TASK_ID='start' AIRFLOW_CTX_EXECUTION_DATE='2025-11-08T00:00:00+00:00' AIRFLOW_CTX_TRY_NUMBER='1' AIRFLOW_CTX_DAG_RUN_ID='scheduled__2025-11-08T00:00:00+00:00'
[2025-11-09T15:10:50.542+0000] {logging_mixin.py:151} INFO - Jobs started
[2025-11-09T15:10:50.543+0000] {python.py:194} INFO - Done. Returned value was: None
[2025-11-09T15:10:50.571+0000] {taskinstance.py:1398} INFO - Marking task as SUCCESS. dag_id=dag_incremental_etl, task_id=start, execution_date=20251108T000000, start_date=20251109T151050, end_date=20251109T151050
[2025-11-09T15:10:50.631+0000] {local_task_job_runner.py:228} INFO - Task exited with return code 0
[2025-11-09T15:10:50.657+0000] {taskinstance.py:2776} INFO - 1 downstream tasks scheduled from follow-on schedule check
[2025-11-09T18:27:10.951+0000] {taskinstance.py:1157} INFO - Dependencies all met for dep_context=non-requeueable deps ti=<TaskInstance: dag_incremental_etl.start scheduled__2025-11-08T00:00:00+00:00 [queued]>
[2025-11-09T18:27:10.960+0000] {taskinstance.py:1157} INFO - Dependencies all met for dep_context=requeueable deps ti=<TaskInstance: dag_incremental_etl.start scheduled__2025-11-08T00:00:00+00:00 [queued]>
[2025-11-09T18:27:10.960+0000] {taskinstance.py:1359} INFO - Starting attempt 1 of 1
[2025-11-09T18:27:10.974+0000] {taskinstance.py:1380} INFO - Executing <Task(PythonOperator): start> on 2025-11-08 00:00:00+00:00
[2025-11-09T18:27:10.981+0000] {standard_task_runner.py:57} INFO - Started process 847 to run task
[2025-11-09T18:27:10.990+0000] {standard_task_runner.py:84} INFO - Running: ['***', 'tasks', 'run', 'dag_incremental_etl', 'start', 'scheduled__2025-11-08T00:00:00+00:00', '--job-id', '2', '--raw', '--subdir', 'DAGS_FOLDER/minio.py', '--cfg-path', '/tmp/tmpjae3vsx2']
[2025-11-09T18:27:10.995+0000] {standard_task_runner.py:85} INFO - Job 2: Subtask start
[2025-11-09T18:27:11.191+0000] {task_command.py:415} INFO - Running <TaskInstance: dag_incremental_etl.start scheduled__2025-11-08T00:00:00+00:00 [running]> on host 7d3cebd96e2d
[2025-11-09T18:27:11.384+0000] {taskinstance.py:1660} INFO - Exporting env vars: AIRFLOW_CTX_DAG_OWNER='Soumil Shah' AIRFLOW_CTX_DAG_ID='dag_incremental_etl' AIRFLOW_CTX_TASK_ID='start' AIRFLOW_CTX_EXECUTION_DATE='2025-11-08T00:00:00+00:00' AIRFLOW_CTX_TRY_NUMBER='1' AIRFLOW_CTX_DAG_RUN_ID='scheduled__2025-11-08T00:00:00+00:00'
[2025-11-09T18:27:11.385+0000] {logging_mixin.py:151} INFO - Jobs started
[2025-11-09T18:27:11.385+0000] {python.py:194} INFO - Done. Returned value was: None
[2025-11-09T18:27:11.395+0000] {taskinstance.py:1398} INFO - Marking task as SUCCESS. dag_id=dag_incremental_etl, task_id=start, execution_date=20251108T000000, start_date=20251109T182710, end_date=20251109T182711
[2025-11-09T18:27:11.445+0000] {local_task_job_runner.py:228} INFO - Task exited with return code 0
[2025-11-09T18:27:11.474+0000] {taskinstance.py:2776} INFO - 1 downstream tasks scheduled from follow-on schedule check
[2025-11-09T19:38:47.393+0000] {taskinstance.py:1157} INFO - Dependencies all met for dep_context=non-requeueable deps ti=<TaskInstance: dag_incremental_etl.start scheduled__2025-11-08T00:00:00+00:00 [queued]>
[2025-11-09T19:38:47.404+0000] {taskinstance.py:1157} INFO - Dependencies all met for dep_context=requeueable deps ti=<TaskInstance: dag_incremental_etl.start scheduled__2025-11-08T00:00:00+00:00 [queued]>
[2025-11-09T19:38:47.404+0000] {taskinstance.py:1359} INFO - Starting attempt 1 of 1
[2025-11-09T19:38:47.419+0000] {taskinstance.py:1380} INFO - Executing <Task(PythonOperator): start> on 2025-11-08 00:00:00+00:00
[2025-11-09T19:38:47.424+0000] {standard_task_runner.py:57} INFO - Started process 337 to run task
[2025-11-09T19:38:47.427+0000] {standard_task_runner.py:84} INFO - Running: ['***', 'tasks', 'run', 'dag_incremental_etl', 'start', 'scheduled__2025-11-08T00:00:00+00:00', '--job-id', '2', '--raw', '--subdir', 'DAGS_FOLDER/minio.py', '--cfg-path', '/tmp/tmprjvltype']
[2025-11-09T19:38:47.453+0000] {standard_task_runner.py:85} INFO - Job 2: Subtask start
[2025-11-09T19:38:47.572+0000] {task_command.py:415} INFO - Running <TaskInstance: dag_incremental_etl.start scheduled__2025-11-08T00:00:00+00:00 [running]> on host 8acfbc175bf9
[2025-11-09T19:38:47.665+0000] {taskinstance.py:1660} INFO - Exporting env vars: AIRFLOW_CTX_DAG_OWNER='Soumil Shah' AIRFLOW_CTX_DAG_ID='dag_incremental_etl' AIRFLOW_CTX_TASK_ID='start' AIRFLOW_CTX_EXECUTION_DATE='2025-11-08T00:00:00+00:00' AIRFLOW_CTX_TRY_NUMBER='1' AIRFLOW_CTX_DAG_RUN_ID='scheduled__2025-11-08T00:00:00+00:00'
[2025-11-09T19:38:47.666+0000] {logging_mixin.py:151} INFO - Jobs started
[2025-11-09T19:38:47.666+0000] {python.py:194} INFO - Done. Returned value was: None
[2025-11-09T19:38:47.677+0000] {taskinstance.py:1398} INFO - Marking task as SUCCESS. dag_id=dag_incremental_etl, task_id=start, execution_date=20251108T000000, start_date=20251109T193847, end_date=20251109T193847
[2025-11-09T19:38:47.720+0000] {local_task_job_runner.py:228} INFO - Task exited with return code 0
[2025-11-09T19:38:47.747+0000] {taskinstance.py:2776} INFO - 1 downstream tasks scheduled from follow-on schedule check
[2025-11-09T21:12:15.425+0000] {taskinstance.py:1157} INFO - Dependencies all met for dep_context=non-requeueable deps ti=<TaskInstance: dag_incremental_etl.start scheduled__2025-11-08T00:00:00+00:00 [queued]>
[2025-11-09T21:12:15.435+0000] {taskinstance.py:1157} INFO - Dependencies all met for dep_context=requeueable deps ti=<TaskInstance: dag_incremental_etl.start scheduled__2025-11-08T00:00:00+00:00 [queued]>
[2025-11-09T21:12:15.435+0000] {taskinstance.py:1359} INFO - Starting attempt 1 of 1
[2025-11-09T21:12:15.446+0000] {taskinstance.py:1380} INFO - Executing <Task(PythonOperator): start> on 2025-11-08 00:00:00+00:00
[2025-11-09T21:12:15.451+0000] {standard_task_runner.py:57} INFO - Started process 376 to run task
[2025-11-09T21:12:15.460+0000] {standard_task_runner.py:84} INFO - Running: ['***', 'tasks', 'run', 'dag_incremental_etl', 'start', 'scheduled__2025-11-08T00:00:00+00:00', '--job-id', '2', '--raw', '--subdir', 'DAGS_FOLDER/minio.py', '--cfg-path', '/tmp/tmpo5go5yk2']
[2025-11-09T21:12:15.480+0000] {standard_task_runner.py:85} INFO - Job 2: Subtask start
[2025-11-09T21:12:15.603+0000] {task_command.py:415} INFO - Running <TaskInstance: dag_incremental_etl.start scheduled__2025-11-08T00:00:00+00:00 [running]> on host 10e2dd57a73d
[2025-11-09T21:12:15.749+0000] {taskinstance.py:1660} INFO - Exporting env vars: AIRFLOW_CTX_DAG_OWNER='Soumil Shah' AIRFLOW_CTX_DAG_ID='dag_incremental_etl' AIRFLOW_CTX_TASK_ID='start' AIRFLOW_CTX_EXECUTION_DATE='2025-11-08T00:00:00+00:00' AIRFLOW_CTX_TRY_NUMBER='1' AIRFLOW_CTX_DAG_RUN_ID='scheduled__2025-11-08T00:00:00+00:00'
[2025-11-09T21:12:15.751+0000] {logging_mixin.py:151} INFO - Jobs started
[2025-11-09T21:12:15.751+0000] {python.py:194} INFO - Done. Returned value was: None
[2025-11-09T21:12:15.765+0000] {taskinstance.py:1398} INFO - Marking task as SUCCESS. dag_id=dag_incremental_etl, task_id=start, execution_date=20251108T000000, start_date=20251109T211215, end_date=20251109T211215
[2025-11-09T21:12:15.794+0000] {local_task_job_runner.py:228} INFO - Task exited with return code 0
[2025-11-09T21:12:15.832+0000] {taskinstance.py:2776} INFO - 1 downstream tasks scheduled from follow-on schedule check
