[2025-11-09T15:10:51.739+0000] {taskinstance.py:1157} INFO - Dependencies all met for dep_context=non-requeueable deps ti=<TaskInstance: dag_incremental_etl.python_job manual__2025-11-09T15:10:48.603619+00:00 [queued]>
[2025-11-09T15:10:51.746+0000] {taskinstance.py:1157} INFO - Dependencies all met for dep_context=requeueable deps ti=<TaskInstance: dag_incremental_etl.python_job manual__2025-11-09T15:10:48.603619+00:00 [queued]>
[2025-11-09T15:10:51.746+0000] {taskinstance.py:1359} INFO - Starting attempt 1 of 1
[2025-11-09T15:10:51.761+0000] {taskinstance.py:1380} INFO - Executing <Task(SparkSubmitOperator): python_job> on 2025-11-09 15:10:48.603619+00:00
[2025-11-09T15:10:51.765+0000] {standard_task_runner.py:57} INFO - Started process 427 to run task
[2025-11-09T15:10:51.768+0000] {standard_task_runner.py:84} INFO - Running: ['***', 'tasks', 'run', 'dag_incremental_etl', 'python_job', 'manual__2025-11-09T15:10:48.603619+00:00', '--job-id', '6', '--raw', '--subdir', 'DAGS_FOLDER/minio.py', '--cfg-path', '/tmp/tmpjjglfroa']
[2025-11-09T15:10:51.770+0000] {standard_task_runner.py:85} INFO - Job 6: Subtask python_job
[2025-11-09T15:10:51.815+0000] {task_command.py:415} INFO - Running <TaskInstance: dag_incremental_etl.python_job manual__2025-11-09T15:10:48.603619+00:00 [running]> on host 863c17993851
[2025-11-09T15:10:51.884+0000] {taskinstance.py:1660} INFO - Exporting env vars: AIRFLOW_CTX_DAG_OWNER='Soumil Shah' AIRFLOW_CTX_DAG_ID='dag_incremental_etl' AIRFLOW_CTX_TASK_ID='python_job' AIRFLOW_CTX_EXECUTION_DATE='2025-11-09T15:10:48.603619+00:00' AIRFLOW_CTX_TRY_NUMBER='1' AIRFLOW_CTX_DAG_RUN_ID='manual__2025-11-09T15:10:48.603619+00:00'
[2025-11-09T15:10:51.894+0000] {base.py:73} INFO - Using connection ID 'spark-conn' for task execution.
[2025-11-09T15:10:51.895+0000] {spark_submit.py:403} INFO - Spark-Submit cmd: spark-submit --master spark://spark-master:7077 --conf spark.driver.memory=1g --conf spark.executor.memory=1g --conf spark.executor.instances=1 --packages org.apache.hudi:hudi-spark3.4-bundle_2.12:0.14.0,org.apache.hadoop:hadoop-aws:3.3.2 --name arrow-spark --deploy-mode client jobs/minio.py
[2025-11-09T15:10:52.103+0000] {spark_submit.py:579} INFO - /home/***/.local/lib/python3.9/site-packages/pyspark/bin/load-spark-env.sh: line 68: ps: command not found
[2025-11-09T15:10:55.110+0000] {spark_submit.py:579} INFO - :: loading settings :: url = jar:file:/home/***/.local/lib/python3.9/site-packages/pyspark/jars/ivy-2.5.1.jar!/org/apache/ivy/core/settings/ivysettings.xml
[2025-11-09T15:10:55.293+0000] {spark_submit.py:579} INFO - Ivy Default Cache set to: /home/***/.ivy2/cache
[2025-11-09T15:10:55.293+0000] {spark_submit.py:579} INFO - The jars for the packages stored in: /home/***/.ivy2/jars
[2025-11-09T15:10:55.298+0000] {spark_submit.py:579} INFO - org.apache.hudi#hudi-spark3.4-bundle_2.12 added as a dependency
[2025-11-09T15:10:55.299+0000] {spark_submit.py:579} INFO - org.apache.hadoop#hadoop-aws added as a dependency
[2025-11-09T15:10:55.300+0000] {spark_submit.py:579} INFO - :: resolving dependencies :: org.apache.spark#spark-submit-parent-05542ae2-e21a-464f-8e60-dec698a05c50;1.0
[2025-11-09T15:10:55.300+0000] {spark_submit.py:579} INFO - confs: [default]
[2025-11-09T15:10:57.763+0000] {spark_submit.py:579} INFO - found org.apache.hudi#hudi-spark3.4-bundle_2.12;0.14.0 in central
[2025-11-09T15:10:59.697+0000] {spark_submit.py:579} INFO - found org.apache.hadoop#hadoop-aws;3.3.2 in central
[2025-11-09T15:11:00.776+0000] {spark_submit.py:579} INFO - found com.amazonaws#aws-java-sdk-bundle;1.11.1026 in central
[2025-11-09T15:11:02.872+0000] {spark_submit.py:579} INFO - found org.wildfly.openssl#wildfly-openssl;1.0.7.Final in central
[2025-11-09T15:11:02.914+0000] {spark_submit.py:579} INFO - downloading https://repo1.maven.org/maven2/org/apache/hudi/hudi-spark3.4-bundle_2.12/0.14.0/hudi-spark3.4-bundle_2.12-0.14.0.jar ...
[2025-11-09T15:11:55.720+0000] {spark_submit.py:579} INFO - [SUCCESSFUL ] org.apache.hudi#hudi-spark3.4-bundle_2.12;0.14.0!hudi-spark3.4-bundle_2.12.jar (52838ms)
[2025-11-09T15:11:55.768+0000] {spark_submit.py:579} INFO - downloading https://repo1.maven.org/maven2/org/apache/hadoop/hadoop-aws/3.3.2/hadoop-aws-3.3.2.jar ...
[2025-11-09T15:11:56.340+0000] {spark_submit.py:579} INFO - [SUCCESSFUL ] org.apache.hadoop#hadoop-aws;3.3.2!hadoop-aws.jar (619ms)
[2025-11-09T15:11:56.377+0000] {spark_submit.py:579} INFO - downloading https://repo1.maven.org/maven2/com/amazonaws/aws-java-sdk-bundle/1.11.1026/aws-java-sdk-bundle-1.11.1026.jar ...
[2025-11-09T15:13:49.814+0000] {spark_submit.py:579} INFO - [SUCCESSFUL ] com.amazonaws#aws-java-sdk-bundle;1.11.1026!aws-java-sdk-bundle.jar (113472ms)
[2025-11-09T15:13:49.857+0000] {spark_submit.py:579} INFO - downloading https://repo1.maven.org/maven2/org/wildfly/openssl/wildfly-openssl/1.0.7.Final/wildfly-openssl-1.0.7.Final.jar ...
[2025-11-09T15:13:50.181+0000] {spark_submit.py:579} INFO - [SUCCESSFUL ] org.wildfly.openssl#wildfly-openssl;1.0.7.Final!wildfly-openssl.jar (365ms)
[2025-11-09T15:13:50.181+0000] {spark_submit.py:579} INFO - :: resolution report :: resolve 7581ms :: artifacts dl 167301ms
[2025-11-09T15:13:50.181+0000] {spark_submit.py:579} INFO - :: modules in use:
[2025-11-09T15:13:50.181+0000] {spark_submit.py:579} INFO - com.amazonaws#aws-java-sdk-bundle;1.11.1026 from central in [default]
[2025-11-09T15:13:50.181+0000] {spark_submit.py:579} INFO - org.apache.hadoop#hadoop-aws;3.3.2 from central in [default]
[2025-11-09T15:13:50.182+0000] {spark_submit.py:579} INFO - org.apache.hudi#hudi-spark3.4-bundle_2.12;0.14.0 from central in [default]
[2025-11-09T15:13:50.182+0000] {spark_submit.py:579} INFO - org.wildfly.openssl#wildfly-openssl;1.0.7.Final from central in [default]
[2025-11-09T15:13:50.182+0000] {spark_submit.py:579} INFO - ---------------------------------------------------------------------
[2025-11-09T15:13:50.182+0000] {spark_submit.py:579} INFO - |                  |            modules            ||   artifacts   |
[2025-11-09T15:13:50.182+0000] {spark_submit.py:579} INFO - |       conf       | number| search|dwnlded|evicted|| number|dwnlded|
[2025-11-09T15:13:50.182+0000] {spark_submit.py:579} INFO - ---------------------------------------------------------------------
[2025-11-09T15:13:50.182+0000] {spark_submit.py:579} INFO - |      default     |   4   |   4   |   4   |   0   ||   4   |   4   |
[2025-11-09T15:13:50.182+0000] {spark_submit.py:579} INFO - ---------------------------------------------------------------------
[2025-11-09T15:13:50.189+0000] {spark_submit.py:579} INFO - :: retrieving :: org.apache.spark#spark-submit-parent-05542ae2-e21a-464f-8e60-dec698a05c50
[2025-11-09T15:13:50.189+0000] {spark_submit.py:579} INFO - confs: [default]
[2025-11-09T15:13:51.166+0000] {spark_submit.py:579} INFO - 4 artifacts copied, 0 already retrieved (324965kB/977ms)
[2025-11-09T15:13:51.453+0000] {spark_submit.py:579} INFO - 25/11/09 15:13:51 WARN NativeCodeLoader: Unable to load native-hadoop library for your platform... using builtin-java classes where applicable
[2025-11-09T15:13:53.593+0000] {spark_submit.py:579} INFO - 25/11/09 15:13:53 INFO SparkContext: Running Spark version 3.4.0
[2025-11-09T15:13:53.618+0000] {spark_submit.py:579} INFO - 25/11/09 15:13:53 INFO ResourceUtils: ==============================================================
[2025-11-09T15:13:53.619+0000] {spark_submit.py:579} INFO - 25/11/09 15:13:53 INFO ResourceUtils: No custom resources configured for spark.driver.
[2025-11-09T15:13:53.619+0000] {spark_submit.py:579} INFO - 25/11/09 15:13:53 INFO ResourceUtils: ==============================================================
[2025-11-09T15:13:53.619+0000] {spark_submit.py:579} INFO - 25/11/09 15:13:53 INFO SparkContext: Submitted application: arrow-spark
[2025-11-09T15:13:53.647+0000] {spark_submit.py:579} INFO - 25/11/09 15:13:53 INFO ResourceProfile: Default ResourceProfile created, executor resources: Map(memory -> name: memory, amount: 1024, script: , vendor: , offHeap -> name: offHeap, amount: 0, script: , vendor: ), task resources: Map(cpus -> name: cpus, amount: 1.0)
[2025-11-09T15:13:53.662+0000] {spark_submit.py:579} INFO - 25/11/09 15:13:53 INFO ResourceProfile: Limiting resource is cpu
[2025-11-09T15:13:53.663+0000] {spark_submit.py:579} INFO - 25/11/09 15:13:53 INFO ResourceProfileManager: Added ResourceProfile id: 0
[2025-11-09T15:13:53.769+0000] {spark_submit.py:579} INFO - 25/11/09 15:13:53 INFO SecurityManager: Changing view acls to: ***
[2025-11-09T15:13:53.770+0000] {spark_submit.py:579} INFO - 25/11/09 15:13:53 INFO SecurityManager: Changing modify acls to: ***
[2025-11-09T15:13:53.770+0000] {spark_submit.py:579} INFO - 25/11/09 15:13:53 INFO SecurityManager: Changing view acls groups to:
[2025-11-09T15:13:53.770+0000] {spark_submit.py:579} INFO - 25/11/09 15:13:53 INFO SecurityManager: Changing modify acls groups to:
[2025-11-09T15:13:53.770+0000] {spark_submit.py:579} INFO - 25/11/09 15:13:53 INFO SecurityManager: SecurityManager: authentication disabled; ui acls disabled; users with view permissions: ***; groups with view permissions: EMPTY; users with modify permissions: ***; groups with modify permissions: EMPTY
[2025-11-09T15:13:54.083+0000] {spark_submit.py:579} INFO - 25/11/09 15:13:54 INFO Utils: Successfully started service 'sparkDriver' on port 37459.
[2025-11-09T15:13:54.133+0000] {spark_submit.py:579} INFO - 25/11/09 15:13:54 INFO SparkEnv: Registering MapOutputTracker
[2025-11-09T15:13:54.175+0000] {spark_submit.py:579} INFO - 25/11/09 15:13:54 INFO SparkEnv: Registering BlockManagerMaster
[2025-11-09T15:13:54.206+0000] {spark_submit.py:579} INFO - 25/11/09 15:13:54 INFO BlockManagerMasterEndpoint: Using org.apache.spark.storage.DefaultTopologyMapper for getting topology information
[2025-11-09T15:13:54.207+0000] {spark_submit.py:579} INFO - 25/11/09 15:13:54 INFO BlockManagerMasterEndpoint: BlockManagerMasterEndpoint up
[2025-11-09T15:13:54.211+0000] {spark_submit.py:579} INFO - 25/11/09 15:13:54 INFO SparkEnv: Registering BlockManagerMasterHeartbeat
[2025-11-09T15:13:54.246+0000] {spark_submit.py:579} INFO - 25/11/09 15:13:54 INFO DiskBlockManager: Created local directory at /tmp/blockmgr-f3cf2fc6-431f-431f-9880-1fc483828b47
[2025-11-09T15:13:54.261+0000] {spark_submit.py:579} INFO - 25/11/09 15:13:54 INFO MemoryStore: MemoryStore started with capacity 434.4 MiB
[2025-11-09T15:13:54.276+0000] {spark_submit.py:579} INFO - 25/11/09 15:13:54 INFO SparkEnv: Registering OutputCommitCoordinator
[2025-11-09T15:13:54.450+0000] {spark_submit.py:579} INFO - 25/11/09 15:13:54 INFO JettyUtils: Start Jetty 0.0.0.0:4040 for SparkUI
[2025-11-09T15:13:54.531+0000] {spark_submit.py:579} INFO - 25/11/09 15:13:54 INFO Utils: Successfully started service 'SparkUI' on port 4040.
[2025-11-09T15:13:54.559+0000] {spark_submit.py:579} INFO - 25/11/09 15:13:54 INFO SparkContext: Added JAR file:///home/***/.ivy2/jars/org.apache.hudi_hudi-spark3.4-bundle_2.12-0.14.0.jar at spark://863c17993851:37459/jars/org.apache.hudi_hudi-spark3.4-bundle_2.12-0.14.0.jar with timestamp 1762701233578
[2025-11-09T15:13:54.560+0000] {spark_submit.py:579} INFO - 25/11/09 15:13:54 INFO SparkContext: Added JAR file:///home/***/.ivy2/jars/org.apache.hadoop_hadoop-aws-3.3.2.jar at spark://863c17993851:37459/jars/org.apache.hadoop_hadoop-aws-3.3.2.jar with timestamp 1762701233578
[2025-11-09T15:13:54.560+0000] {spark_submit.py:579} INFO - 25/11/09 15:13:54 INFO SparkContext: Added JAR file:///home/***/.ivy2/jars/com.amazonaws_aws-java-sdk-bundle-1.11.1026.jar at spark://863c17993851:37459/jars/com.amazonaws_aws-java-sdk-bundle-1.11.1026.jar with timestamp 1762701233578
[2025-11-09T15:13:54.560+0000] {spark_submit.py:579} INFO - 25/11/09 15:13:54 INFO SparkContext: Added JAR file:///home/***/.ivy2/jars/org.wildfly.openssl_wildfly-openssl-1.0.7.Final.jar at spark://863c17993851:37459/jars/org.wildfly.openssl_wildfly-openssl-1.0.7.Final.jar with timestamp 1762701233578
[2025-11-09T15:13:54.562+0000] {spark_submit.py:579} INFO - 25/11/09 15:13:54 INFO SparkContext: Added file file:///home/***/.ivy2/jars/org.apache.hudi_hudi-spark3.4-bundle_2.12-0.14.0.jar at spark://863c17993851:37459/files/org.apache.hudi_hudi-spark3.4-bundle_2.12-0.14.0.jar with timestamp 1762701233578
[2025-11-09T15:13:54.563+0000] {spark_submit.py:579} INFO - 25/11/09 15:13:54 INFO Utils: Copying /home/***/.ivy2/jars/org.apache.hudi_hudi-spark3.4-bundle_2.12-0.14.0.jar to /tmp/spark-cb55739d-0c17-4251-b56a-70a5face5006/userFiles-ca2d81ec-c943-468b-8b2b-7b359e88f72d/org.apache.hudi_hudi-spark3.4-bundle_2.12-0.14.0.jar
[2025-11-09T15:13:54.737+0000] {spark_submit.py:579} INFO - 25/11/09 15:13:54 INFO SparkContext: Added file file:///home/***/.ivy2/jars/org.apache.hadoop_hadoop-aws-3.3.2.jar at spark://863c17993851:37459/files/org.apache.hadoop_hadoop-aws-3.3.2.jar with timestamp 1762701233578
[2025-11-09T15:13:54.738+0000] {spark_submit.py:579} INFO - 25/11/09 15:13:54 INFO Utils: Copying /home/***/.ivy2/jars/org.apache.hadoop_hadoop-aws-3.3.2.jar to /tmp/spark-cb55739d-0c17-4251-b56a-70a5face5006/userFiles-ca2d81ec-c943-468b-8b2b-7b359e88f72d/org.apache.hadoop_hadoop-aws-3.3.2.jar
[2025-11-09T15:13:54.745+0000] {spark_submit.py:579} INFO - 25/11/09 15:13:54 INFO SparkContext: Added file file:///home/***/.ivy2/jars/com.amazonaws_aws-java-sdk-bundle-1.11.1026.jar at spark://863c17993851:37459/files/com.amazonaws_aws-java-sdk-bundle-1.11.1026.jar with timestamp 1762701233578
[2025-11-09T15:13:54.745+0000] {spark_submit.py:579} INFO - 25/11/09 15:13:54 INFO Utils: Copying /home/***/.ivy2/jars/com.amazonaws_aws-java-sdk-bundle-1.11.1026.jar to /tmp/spark-cb55739d-0c17-4251-b56a-70a5face5006/userFiles-ca2d81ec-c943-468b-8b2b-7b359e88f72d/com.amazonaws_aws-java-sdk-bundle-1.11.1026.jar
[2025-11-09T15:13:55.042+0000] {spark_submit.py:579} INFO - 25/11/09 15:13:55 INFO SparkContext: Added file file:///home/***/.ivy2/jars/org.wildfly.openssl_wildfly-openssl-1.0.7.Final.jar at spark://863c17993851:37459/files/org.wildfly.openssl_wildfly-openssl-1.0.7.Final.jar with timestamp 1762701233578
[2025-11-09T15:13:55.042+0000] {spark_submit.py:579} INFO - 25/11/09 15:13:55 INFO Utils: Copying /home/***/.ivy2/jars/org.wildfly.openssl_wildfly-openssl-1.0.7.Final.jar to /tmp/spark-cb55739d-0c17-4251-b56a-70a5face5006/userFiles-ca2d81ec-c943-468b-8b2b-7b359e88f72d/org.wildfly.openssl_wildfly-openssl-1.0.7.Final.jar
[2025-11-09T15:13:55.149+0000] {spark_submit.py:579} INFO - 25/11/09 15:13:55 INFO StandaloneAppClient$ClientEndpoint: Connecting to master spark://spark-master:7077...
[2025-11-09T15:13:55.207+0000] {spark_submit.py:579} INFO - 25/11/09 15:13:55 INFO TransportClientFactory: Successfully created connection to spark-master/172.19.0.5:7077 after 31 ms (0 ms spent in bootstraps)
[2025-11-09T15:13:55.433+0000] {spark_submit.py:579} INFO - 25/11/09 15:13:55 INFO StandaloneSchedulerBackend: Connected to Spark cluster with app ID app-20251109151355-0000
[2025-11-09T15:13:55.447+0000] {spark_submit.py:579} INFO - 25/11/09 15:13:55 INFO Utils: Successfully started service 'org.apache.spark.network.netty.NettyBlockTransferService' on port 36783.
[2025-11-09T15:13:55.447+0000] {spark_submit.py:579} INFO - 25/11/09 15:13:55 INFO NettyBlockTransferService: Server created on 863c17993851:36783
[2025-11-09T15:13:55.449+0000] {spark_submit.py:579} INFO - 25/11/09 15:13:55 INFO BlockManager: Using org.apache.spark.storage.RandomBlockReplicationPolicy for block replication policy
[2025-11-09T15:13:55.457+0000] {spark_submit.py:579} INFO - 25/11/09 15:13:55 INFO StandaloneAppClient$ClientEndpoint: Executor added: app-20251109151355-0000/0 on worker-20251109144903-172.19.0.9-38701 (172.19.0.9:38701) with 4 core(s)
[2025-11-09T15:13:55.459+0000] {spark_submit.py:579} INFO - 25/11/09 15:13:55 INFO StandaloneSchedulerBackend: Granted executor ID app-20251109151355-0000/0 on hostPort 172.19.0.9:38701 with 4 core(s), 1024.0 MiB RAM
[2025-11-09T15:13:55.461+0000] {spark_submit.py:579} INFO - 25/11/09 15:13:55 INFO BlockManagerMaster: Registering BlockManager BlockManagerId(driver, 863c17993851, 36783, None)
[2025-11-09T15:13:55.465+0000] {spark_submit.py:579} INFO - 25/11/09 15:13:55 INFO BlockManagerMasterEndpoint: Registering block manager 863c17993851:36783 with 434.4 MiB RAM, BlockManagerId(driver, 863c17993851, 36783, None)
[2025-11-09T15:13:55.468+0000] {spark_submit.py:579} INFO - 25/11/09 15:13:55 INFO BlockManagerMaster: Registered BlockManager BlockManagerId(driver, 863c17993851, 36783, None)
[2025-11-09T15:13:55.471+0000] {spark_submit.py:579} INFO - 25/11/09 15:13:55 INFO BlockManager: Initialized BlockManager: BlockManagerId(driver, 863c17993851, 36783, None)
[2025-11-09T15:13:55.640+0000] {spark_submit.py:579} INFO - 25/11/09 15:13:55 INFO StandaloneAppClient$ClientEndpoint: Executor updated: app-20251109151355-0000/0 is now RUNNING
[2025-11-09T15:13:55.763+0000] {spark_submit.py:579} INFO - 25/11/09 15:13:55 INFO StandaloneSchedulerBackend: SchedulerBackend is ready for scheduling beginning after reached minRegisteredResourcesRatio: 0.0
[2025-11-09T15:13:57.441+0000] {spark_submit.py:579} INFO - 25/11/09 15:13:57 INFO SharedState: Setting hive.metastore.warehouse.dir ('null') to the value of spark.sql.warehouse.dir.
[2025-11-09T15:13:57.444+0000] {spark_submit.py:579} INFO - 25/11/09 15:13:57 INFO SharedState: Warehouse path is 'file:/opt/***/spark-warehouse'.
[2025-11-09T15:13:58.579+0000] {spark_submit.py:579} INFO - 25/11/09 15:13:58 INFO StandaloneSchedulerBackend$StandaloneDriverEndpoint: Registered executor NettyRpcEndpointRef(spark-client://Executor) (172.19.0.9:58022) with ID 0,  ResourceProfileId 0
[2025-11-09T15:13:58.663+0000] {spark_submit.py:579} INFO - 25/11/09 15:13:58 INFO BlockManagerMasterEndpoint: Registering block manager 172.19.0.9:33545 with 434.4 MiB RAM, BlockManagerId(0, 172.19.0.9, 33545, None)
[2025-11-09T15:14:01.378+0000] {spark_submit.py:579} INFO - 25/11/09 15:14:01 WARN MetricsConfig: Cannot locate configuration: tried hadoop-metrics2-s3a-file-system.properties,hadoop-metrics2.properties
[2025-11-09T15:14:01.398+0000] {spark_submit.py:579} INFO - 25/11/09 15:14:01 INFO MetricsSystemImpl: Scheduled Metric snapshot period at 10 second(s).
[2025-11-09T15:14:01.398+0000] {spark_submit.py:579} INFO - 25/11/09 15:14:01 INFO MetricsSystemImpl: s3a-file-system metrics system started
[2025-11-09T15:14:02.789+0000] {spark_submit.py:579} INFO - 25/11/09 15:14:02 WARN AbstractS3ACommitterFactory: Using standard FileOutputCommitter to commit work. This is slow and potentially unsafe.
[2025-11-09T15:14:02.790+0000] {spark_submit.py:579} INFO - 25/11/09 15:14:02 INFO FileOutputCommitter: File Output Committer Algorithm version is 1
[2025-11-09T15:14:02.790+0000] {spark_submit.py:579} INFO - 25/11/09 15:14:02 INFO FileOutputCommitter: FileOutputCommitter skip cleanup _temporary folders under output directory:false, ignore cleanup failures: false
[2025-11-09T15:14:02.791+0000] {spark_submit.py:579} INFO - 25/11/09 15:14:02 INFO AbstractS3ACommitterFactory: Using Committer FileOutputCommitter{PathOutputCommitter{context=TaskAttemptContextImpl{JobContextImpl{jobId=job_20251109151402606085885015850188_0000}; taskId=attempt_20251109151402606085885015850188_0000_m_000000_0, status=''}; org.apache.hadoop.mapreduce.lib.output.FileOutputCommitter@b33c7f3}; outputPath=s3a://test/outputv2_data, workPath=s3a://test/outputv2_data/_temporary/0/_temporary/attempt_20251109151402606085885015850188_0000_m_000000_0, algorithmVersion=1, skipCleanup=false, ignoreCleanupFailures=false} for s3a://test/outputv2_data
[2025-11-09T15:14:02.791+0000] {spark_submit.py:579} INFO - 25/11/09 15:14:02 INFO SQLHadoopMapReduceCommitProtocol: Using output committer class org.apache.hadoop.mapreduce.lib.output.FileOutputCommitter
[2025-11-09T15:14:03.189+0000] {spark_submit.py:579} INFO - 25/11/09 15:14:03 INFO CodeGenerator: Code generated in 167.855828 ms
[2025-11-09T15:14:03.215+0000] {spark_submit.py:579} INFO - 25/11/09 15:14:03 INFO SparkContext: Starting job: save at NativeMethodAccessorImpl.java:0
[2025-11-09T15:14:03.230+0000] {spark_submit.py:579} INFO - 25/11/09 15:14:03 INFO DAGScheduler: Got job 0 (save at NativeMethodAccessorImpl.java:0) with 2 output partitions
[2025-11-09T15:14:03.231+0000] {spark_submit.py:579} INFO - 25/11/09 15:14:03 INFO DAGScheduler: Final stage: ResultStage 0 (save at NativeMethodAccessorImpl.java:0)
[2025-11-09T15:14:03.232+0000] {spark_submit.py:579} INFO - 25/11/09 15:14:03 INFO DAGScheduler: Parents of final stage: List()
[2025-11-09T15:14:03.233+0000] {spark_submit.py:579} INFO - 25/11/09 15:14:03 INFO DAGScheduler: Missing parents: List()
[2025-11-09T15:14:03.238+0000] {spark_submit.py:579} INFO - 25/11/09 15:14:03 INFO DAGScheduler: Submitting ResultStage 0 (MapPartitionsRDD[6] at save at NativeMethodAccessorImpl.java:0), which has no missing parents
[2025-11-09T15:14:03.383+0000] {spark_submit.py:579} INFO - 25/11/09 15:14:03 INFO MemoryStore: Block broadcast_0 stored as values in memory (estimated size 219.7 KiB, free 434.2 MiB)
[2025-11-09T15:14:03.686+0000] {spark_submit.py:579} INFO - 25/11/09 15:14:03 INFO MemoryStore: Block broadcast_0_piece0 stored as bytes in memory (estimated size 79.8 KiB, free 434.1 MiB)
[2025-11-09T15:14:03.689+0000] {spark_submit.py:579} INFO - 25/11/09 15:14:03 INFO BlockManagerInfo: Added broadcast_0_piece0 in memory on 863c17993851:36783 (size: 79.8 KiB, free: 434.3 MiB)
[2025-11-09T15:14:03.691+0000] {spark_submit.py:579} INFO - 25/11/09 15:14:03 INFO SparkContext: Created broadcast 0 from broadcast at DAGScheduler.scala:1535
[2025-11-09T15:14:03.711+0000] {spark_submit.py:579} INFO - 25/11/09 15:14:03 INFO DAGScheduler: Submitting 2 missing tasks from ResultStage 0 (MapPartitionsRDD[6] at save at NativeMethodAccessorImpl.java:0) (first 15 tasks are for partitions Vector(0, 1))
[2025-11-09T15:14:03.713+0000] {spark_submit.py:579} INFO - 25/11/09 15:14:03 INFO TaskSchedulerImpl: Adding task set 0.0 with 2 tasks resource profile 0
[2025-11-09T15:14:03.765+0000] {spark_submit.py:579} INFO - 25/11/09 15:14:03 INFO TaskSetManager: Starting task 0.0 in stage 0.0 (TID 0) (172.19.0.9, executor 0, partition 0, PROCESS_LOCAL, 7276 bytes)
[2025-11-09T15:14:03.770+0000] {spark_submit.py:579} INFO - 25/11/09 15:14:03 INFO TaskSetManager: Starting task 1.0 in stage 0.0 (TID 1) (172.19.0.9, executor 0, partition 1, PROCESS_LOCAL, 7308 bytes)
[2025-11-09T15:14:04.395+0000] {spark_submit.py:579} INFO - 25/11/09 15:14:04 INFO BlockManagerInfo: Added broadcast_0_piece0 in memory on 172.19.0.9:33545 (size: 79.8 KiB, free: 434.3 MiB)
[2025-11-09T15:14:07.335+0000] {spark_submit.py:579} INFO - 25/11/09 15:14:07 INFO TaskSetManager: Finished task 1.0 in stage 0.0 (TID 1) in 3565 ms on 172.19.0.9 (executor 0) (1/2)
[2025-11-09T15:14:07.336+0000] {spark_submit.py:579} INFO - 25/11/09 15:14:07 INFO TaskSetManager: Finished task 0.0 in stage 0.0 (TID 0) in 3590 ms on 172.19.0.9 (executor 0) (2/2)
[2025-11-09T15:14:07.337+0000] {spark_submit.py:579} INFO - 25/11/09 15:14:07 INFO TaskSchedulerImpl: Removed TaskSet 0.0, whose tasks have all completed, from pool
[2025-11-09T15:14:07.340+0000] {spark_submit.py:579} INFO - 25/11/09 15:14:07 INFO PythonAccumulatorV2: Connected to AccumulatorServer at host: 127.0.0.1 port: 34441
[2025-11-09T15:14:07.347+0000] {spark_submit.py:579} INFO - 25/11/09 15:14:07 INFO DAGScheduler: ResultStage 0 (save at NativeMethodAccessorImpl.java:0) finished in 4.095 s
[2025-11-09T15:14:07.351+0000] {spark_submit.py:579} INFO - 25/11/09 15:14:07 INFO DAGScheduler: Job 0 is finished. Cancelling potential speculative or zombie tasks for this job
[2025-11-09T15:14:07.353+0000] {spark_submit.py:579} INFO - 25/11/09 15:14:07 INFO TaskSchedulerImpl: Killing all running tasks in stage 0: Stage finished
[2025-11-09T15:14:07.355+0000] {spark_submit.py:579} INFO - 25/11/09 15:14:07 INFO DAGScheduler: Job 0 finished: save at NativeMethodAccessorImpl.java:0, took 4.139344 s
[2025-11-09T15:14:07.359+0000] {spark_submit.py:579} INFO - 25/11/09 15:14:07 INFO FileFormatWriter: Start to commit write Job b67925f7-3842-4db6-a572-c01791126398.
[2025-11-09T15:14:07.819+0000] {spark_submit.py:579} INFO - 25/11/09 15:14:07 INFO FileFormatWriter: Write Job b67925f7-3842-4db6-a572-c01791126398 committed. Elapsed time: 459 ms.
[2025-11-09T15:14:07.823+0000] {spark_submit.py:579} INFO - 25/11/09 15:14:07 INFO FileFormatWriter: Finished processing stats for write job b67925f7-3842-4db6-a572-c01791126398.
[2025-11-09T15:14:07.829+0000] {spark_submit.py:579} INFO - Data written successfully to s3a://test/outputv2_data
[2025-11-09T15:14:07.830+0000] {spark_submit.py:579} INFO - 25/11/09 15:14:07 INFO SparkContext: SparkContext is stopping with exitCode 0.
[2025-11-09T15:14:07.854+0000] {spark_submit.py:579} INFO - 25/11/09 15:14:07 INFO SparkUI: Stopped Spark web UI at http://863c17993851:4040
[2025-11-09T15:14:07.860+0000] {spark_submit.py:579} INFO - 25/11/09 15:14:07 INFO StandaloneSchedulerBackend: Shutting down all executors
[2025-11-09T15:14:07.861+0000] {spark_submit.py:579} INFO - 25/11/09 15:14:07 INFO StandaloneSchedulerBackend$StandaloneDriverEndpoint: Asking each executor to shut down
[2025-11-09T15:14:07.891+0000] {spark_submit.py:579} INFO - 25/11/09 15:14:07 INFO MapOutputTrackerMasterEndpoint: MapOutputTrackerMasterEndpoint stopped!
[2025-11-09T15:14:07.920+0000] {spark_submit.py:579} INFO - 25/11/09 15:14:07 INFO MemoryStore: MemoryStore cleared
[2025-11-09T15:14:07.921+0000] {spark_submit.py:579} INFO - 25/11/09 15:14:07 INFO BlockManager: BlockManager stopped
[2025-11-09T15:14:07.929+0000] {spark_submit.py:579} INFO - 25/11/09 15:14:07 INFO BlockManagerMaster: BlockManagerMaster stopped
[2025-11-09T15:14:07.932+0000] {spark_submit.py:579} INFO - 25/11/09 15:14:07 INFO OutputCommitCoordinator$OutputCommitCoordinatorEndpoint: OutputCommitCoordinator stopped!
[2025-11-09T15:14:07.975+0000] {spark_submit.py:579} INFO - 25/11/09 15:14:07 INFO SparkContext: Successfully stopped SparkContext
[2025-11-09T15:14:08.617+0000] {spark_submit.py:579} INFO - 25/11/09 15:14:08 INFO ShutdownHookManager: Shutdown hook called
[2025-11-09T15:14:08.619+0000] {spark_submit.py:579} INFO - 25/11/09 15:14:08 INFO ShutdownHookManager: Deleting directory /tmp/spark-cb55739d-0c17-4251-b56a-70a5face5006/pyspark-52136569-52b7-46b3-a5e7-e5b9c0994a31
[2025-11-09T15:14:08.624+0000] {spark_submit.py:579} INFO - 25/11/09 15:14:08 INFO ShutdownHookManager: Deleting directory /tmp/spark-749655fd-bc5d-4236-a353-440425ed1679
[2025-11-09T15:14:08.628+0000] {spark_submit.py:579} INFO - 25/11/09 15:14:08 INFO ShutdownHookManager: Deleting directory /tmp/spark-cb55739d-0c17-4251-b56a-70a5face5006
[2025-11-09T15:14:08.640+0000] {spark_submit.py:579} INFO - 25/11/09 15:14:08 INFO MetricsSystemImpl: Stopping s3a-file-system metrics system...
[2025-11-09T15:14:08.641+0000] {spark_submit.py:579} INFO - 25/11/09 15:14:08 INFO MetricsSystemImpl: s3a-file-system metrics system stopped.
[2025-11-09T15:14:08.642+0000] {spark_submit.py:579} INFO - 25/11/09 15:14:08 INFO MetricsSystemImpl: s3a-file-system metrics system shutdown complete.
[2025-11-09T15:14:08.736+0000] {taskinstance.py:1398} INFO - Marking task as SUCCESS. dag_id=dag_incremental_etl, task_id=python_job, execution_date=20251109T151048, start_date=20251109T151051, end_date=20251109T151408
[2025-11-09T15:14:08.771+0000] {local_task_job_runner.py:228} INFO - Task exited with return code 0
[2025-11-09T15:14:08.790+0000] {taskinstance.py:2776} INFO - 1 downstream tasks scheduled from follow-on schedule check
