[2025-11-09T15:15:42.235+0000] {taskinstance.py:1157} INFO - Dependencies all met for dep_context=non-requeueable deps ti=<TaskInstance: dag_create_hudi_tables.python_job manual__2025-11-09T15:15:40.608828+00:00 [queued]>
[2025-11-09T15:15:42.243+0000] {taskinstance.py:1157} INFO - Dependencies all met for dep_context=requeueable deps ti=<TaskInstance: dag_create_hudi_tables.python_job manual__2025-11-09T15:15:40.608828+00:00 [queued]>
[2025-11-09T15:15:42.243+0000] {taskinstance.py:1359} INFO - Starting attempt 1 of 1
[2025-11-09T15:15:42.253+0000] {taskinstance.py:1380} INFO - Executing <Task(SparkSubmitOperator): python_job> on 2025-11-09 15:15:40.608828+00:00
[2025-11-09T15:15:42.258+0000] {standard_task_runner.py:57} INFO - Started process 1094 to run task
[2025-11-09T15:15:42.261+0000] {standard_task_runner.py:84} INFO - Running: ['***', 'tasks', 'run', 'dag_create_hudi_tables', 'python_job', 'manual__2025-11-09T15:15:40.608828+00:00', '--job-id', '15', '--raw', '--subdir', 'DAGS_FOLDER/my_dag.py', '--cfg-path', '/tmp/tmpjj4be1wo']
[2025-11-09T15:15:42.262+0000] {standard_task_runner.py:85} INFO - Job 15: Subtask python_job
[2025-11-09T15:15:42.303+0000] {task_command.py:415} INFO - Running <TaskInstance: dag_create_hudi_tables.python_job manual__2025-11-09T15:15:40.608828+00:00 [running]> on host 863c17993851
[2025-11-09T15:15:42.359+0000] {taskinstance.py:1660} INFO - Exporting env vars: AIRFLOW_CTX_DAG_OWNER='Soumil Shah' AIRFLOW_CTX_DAG_ID='dag_create_hudi_tables' AIRFLOW_CTX_TASK_ID='python_job' AIRFLOW_CTX_EXECUTION_DATE='2025-11-09T15:15:40.608828+00:00' AIRFLOW_CTX_TRY_NUMBER='1' AIRFLOW_CTX_DAG_RUN_ID='manual__2025-11-09T15:15:40.608828+00:00'
[2025-11-09T15:15:42.367+0000] {base.py:73} INFO - Using connection ID 'spark-conn' for task execution.
[2025-11-09T15:15:42.367+0000] {spark_submit.py:403} INFO - Spark-Submit cmd: spark-submit --master spark://spark-master:7077 --conf spark.driver.memory=1g --conf spark.executor.memory=1g --conf spark.executor.instances=1 --packages org.apache.hudi:hudi-spark3.4-bundle_2.12:0.14.0,org.apache.hadoop:hadoop-aws:3.3.2 --name arrow-spark --deploy-mode client jobs/my_data_job.py
[2025-11-09T15:15:42.471+0000] {spark_submit.py:579} INFO - /home/***/.local/lib/python3.9/site-packages/pyspark/bin/load-spark-env.sh: line 68: ps: command not found
[2025-11-09T15:15:43.855+0000] {spark_submit.py:579} INFO - :: loading settings :: url = jar:file:/home/***/.local/lib/python3.9/site-packages/pyspark/jars/ivy-2.5.1.jar!/org/apache/ivy/core/settings/ivysettings.xml
[2025-11-09T15:15:43.967+0000] {spark_submit.py:579} INFO - Ivy Default Cache set to: /home/***/.ivy2/cache
[2025-11-09T15:15:43.968+0000] {spark_submit.py:579} INFO - The jars for the packages stored in: /home/***/.ivy2/jars
[2025-11-09T15:15:43.972+0000] {spark_submit.py:579} INFO - org.apache.hudi#hudi-spark3.4-bundle_2.12 added as a dependency
[2025-11-09T15:15:43.972+0000] {spark_submit.py:579} INFO - org.apache.hadoop#hadoop-aws added as a dependency
[2025-11-09T15:15:43.973+0000] {spark_submit.py:579} INFO - :: resolving dependencies :: org.apache.spark#spark-submit-parent-f42826ce-4f1f-46ae-b7f3-39576cef0bff;1.0
[2025-11-09T15:15:43.973+0000] {spark_submit.py:579} INFO - confs: [default]
[2025-11-09T15:15:44.078+0000] {spark_submit.py:579} INFO - found org.apache.hudi#hudi-spark3.4-bundle_2.12;0.14.0 in central
[2025-11-09T15:15:44.120+0000] {spark_submit.py:579} INFO - found org.apache.hadoop#hadoop-aws;3.3.2 in central
[2025-11-09T15:15:44.142+0000] {spark_submit.py:579} INFO - found com.amazonaws#aws-java-sdk-bundle;1.11.1026 in central
[2025-11-09T15:15:44.165+0000] {spark_submit.py:579} INFO - found org.wildfly.openssl#wildfly-openssl;1.0.7.Final in central
[2025-11-09T15:15:44.188+0000] {spark_submit.py:579} INFO - :: resolution report :: resolve 206ms :: artifacts dl 10ms
[2025-11-09T15:15:44.189+0000] {spark_submit.py:579} INFO - :: modules in use:
[2025-11-09T15:15:44.189+0000] {spark_submit.py:579} INFO - com.amazonaws#aws-java-sdk-bundle;1.11.1026 from central in [default]
[2025-11-09T15:15:44.189+0000] {spark_submit.py:579} INFO - org.apache.hadoop#hadoop-aws;3.3.2 from central in [default]
[2025-11-09T15:15:44.189+0000] {spark_submit.py:579} INFO - org.apache.hudi#hudi-spark3.4-bundle_2.12;0.14.0 from central in [default]
[2025-11-09T15:15:44.189+0000] {spark_submit.py:579} INFO - org.wildfly.openssl#wildfly-openssl;1.0.7.Final from central in [default]
[2025-11-09T15:15:44.189+0000] {spark_submit.py:579} INFO - ---------------------------------------------------------------------
[2025-11-09T15:15:44.189+0000] {spark_submit.py:579} INFO - |                  |            modules            ||   artifacts   |
[2025-11-09T15:15:44.189+0000] {spark_submit.py:579} INFO - |       conf       | number| search|dwnlded|evicted|| number|dwnlded|
[2025-11-09T15:15:44.189+0000] {spark_submit.py:579} INFO - ---------------------------------------------------------------------
[2025-11-09T15:15:44.189+0000] {spark_submit.py:579} INFO - |      default     |   4   |   0   |   0   |   0   ||   4   |   0   |
[2025-11-09T15:15:44.189+0000] {spark_submit.py:579} INFO - ---------------------------------------------------------------------
[2025-11-09T15:15:44.196+0000] {spark_submit.py:579} INFO - :: retrieving :: org.apache.spark#spark-submit-parent-f42826ce-4f1f-46ae-b7f3-39576cef0bff
[2025-11-09T15:15:44.196+0000] {spark_submit.py:579} INFO - confs: [default]
[2025-11-09T15:15:44.202+0000] {spark_submit.py:579} INFO - 0 artifacts copied, 4 already retrieved (0kB/7ms)
[2025-11-09T15:15:44.358+0000] {spark_submit.py:579} INFO - 25/11/09 15:15:44 WARN NativeCodeLoader: Unable to load native-hadoop library for your platform... using builtin-java classes where applicable
[2025-11-09T15:15:44.711+0000] {spark_submit.py:579} INFO - python3: can't open file '/opt/***/jobs/my_data_job.py': [Errno 2] No such file or directory
[2025-11-09T15:15:44.741+0000] {spark_submit.py:579} INFO - 25/11/09 15:15:44 INFO ShutdownHookManager: Shutdown hook called
[2025-11-09T15:15:44.742+0000] {spark_submit.py:579} INFO - 25/11/09 15:15:44 INFO ShutdownHookManager: Deleting directory /tmp/spark-e4a5cb2c-4806-4fd6-a5bc-15050f90d632
[2025-11-09T15:15:44.793+0000] {taskinstance.py:1935} ERROR - Task failed with exception
Traceback (most recent call last):
  File "/home/airflow/.local/lib/python3.9/site-packages/airflow/providers/apache/spark/operators/spark_submit.py", line 174, in execute
    self._hook.submit(self.application)
  File "/home/airflow/.local/lib/python3.9/site-packages/airflow/providers/apache/spark/hooks/spark_submit.py", line 505, in submit
    raise AirflowException(
airflow.exceptions.AirflowException: Cannot execute: spark-submit --master spark://spark-master:7077 --conf spark.driver.memory=1g --conf spark.executor.memory=1g --conf spark.executor.instances=1 --packages org.apache.hudi:hudi-spark3.4-bundle_2.12:0.14.0,org.apache.hadoop:hadoop-aws:3.3.2 --name arrow-spark --deploy-mode client jobs/my_data_job.py. Error code is: 2.
[2025-11-09T15:15:44.797+0000] {taskinstance.py:1398} INFO - Marking task as FAILED. dag_id=dag_create_hudi_tables, task_id=python_job, execution_date=20251109T151540, start_date=20251109T151542, end_date=20251109T151544
[2025-11-09T15:15:44.810+0000] {standard_task_runner.py:104} ERROR - Failed to execute job 15 for task python_job (Cannot execute: spark-submit --master spark://spark-master:7077 --conf spark.driver.memory=1g --conf spark.executor.memory=1g --conf spark.executor.instances=1 --packages org.apache.hudi:hudi-spark3.4-bundle_2.12:0.14.0,org.apache.hadoop:hadoop-aws:3.3.2 --name arrow-spark --deploy-mode client jobs/my_data_job.py. Error code is: 2.; 1094)
[2025-11-09T15:15:44.844+0000] {local_task_job_runner.py:228} INFO - Task exited with return code 1
[2025-11-09T15:15:44.870+0000] {taskinstance.py:2776} INFO - 0 downstream tasks scheduled from follow-on schedule check
