[2025-11-09T15:14:37.509+0000] {taskinstance.py:1157} INFO - Dependencies all met for dep_context=non-requeueable deps ti=<TaskInstance: dag_create_hudi_tables.python_job manual__2025-11-09T15:14:35.403373+00:00 [queued]>
[2025-11-09T15:14:37.517+0000] {taskinstance.py:1157} INFO - Dependencies all met for dep_context=requeueable deps ti=<TaskInstance: dag_create_hudi_tables.python_job manual__2025-11-09T15:14:35.403373+00:00 [queued]>
[2025-11-09T15:14:37.517+0000] {taskinstance.py:1359} INFO - Starting attempt 1 of 1
[2025-11-09T15:14:37.529+0000] {taskinstance.py:1380} INFO - Executing <Task(SparkSubmitOperator): python_job> on 2025-11-09 15:14:35.403373+00:00
[2025-11-09T15:14:37.534+0000] {standard_task_runner.py:57} INFO - Started process 840 to run task
[2025-11-09T15:14:37.538+0000] {standard_task_runner.py:84} INFO - Running: ['***', 'tasks', 'run', 'dag_create_hudi_tables', 'python_job', 'manual__2025-11-09T15:14:35.403373+00:00', '--job-id', '10', '--raw', '--subdir', 'DAGS_FOLDER/my_dag.py', '--cfg-path', '/tmp/tmpkyx0tkkr']
[2025-11-09T15:14:37.541+0000] {standard_task_runner.py:85} INFO - Job 10: Subtask python_job
[2025-11-09T15:14:37.591+0000] {task_command.py:415} INFO - Running <TaskInstance: dag_create_hudi_tables.python_job manual__2025-11-09T15:14:35.403373+00:00 [running]> on host 863c17993851
[2025-11-09T15:14:37.662+0000] {taskinstance.py:1660} INFO - Exporting env vars: AIRFLOW_CTX_DAG_OWNER='Soumil Shah' AIRFLOW_CTX_DAG_ID='dag_create_hudi_tables' AIRFLOW_CTX_TASK_ID='python_job' AIRFLOW_CTX_EXECUTION_DATE='2025-11-09T15:14:35.403373+00:00' AIRFLOW_CTX_TRY_NUMBER='1' AIRFLOW_CTX_DAG_RUN_ID='manual__2025-11-09T15:14:35.403373+00:00'
[2025-11-09T15:14:37.673+0000] {base.py:73} INFO - Using connection ID 'spark-conn' for task execution.
[2025-11-09T15:14:37.674+0000] {spark_submit.py:403} INFO - Spark-Submit cmd: spark-submit --master spark://spark-master:7077 --conf spark.driver.memory=1g --conf spark.executor.memory=1g --conf spark.executor.instances=1 --packages org.apache.hudi:hudi-spark3.4-bundle_2.12:0.14.0,org.apache.hadoop:hadoop-aws:3.3.2 --name arrow-spark --deploy-mode client jobs/python/my_data_job.py
[2025-11-09T15:14:37.813+0000] {spark_submit.py:579} INFO - /home/***/.local/lib/python3.9/site-packages/pyspark/bin/load-spark-env.sh: line 68: ps: command not found
[2025-11-09T15:14:39.955+0000] {spark_submit.py:579} INFO - :: loading settings :: url = jar:file:/home/***/.local/lib/python3.9/site-packages/pyspark/jars/ivy-2.5.1.jar!/org/apache/ivy/core/settings/ivysettings.xml
[2025-11-09T15:14:40.108+0000] {spark_submit.py:579} INFO - Ivy Default Cache set to: /home/***/.ivy2/cache
[2025-11-09T15:14:40.108+0000] {spark_submit.py:579} INFO - The jars for the packages stored in: /home/***/.ivy2/jars
[2025-11-09T15:14:40.116+0000] {spark_submit.py:579} INFO - org.apache.hudi#hudi-spark3.4-bundle_2.12 added as a dependency
[2025-11-09T15:14:40.116+0000] {spark_submit.py:579} INFO - org.apache.hadoop#hadoop-aws added as a dependency
[2025-11-09T15:14:40.117+0000] {spark_submit.py:579} INFO - :: resolving dependencies :: org.apache.spark#spark-submit-parent-eb953e31-eda3-4a9b-b2b8-a5253384e599;1.0
[2025-11-09T15:14:40.118+0000] {spark_submit.py:579} INFO - confs: [default]
[2025-11-09T15:14:40.326+0000] {spark_submit.py:579} INFO - found org.apache.hudi#hudi-spark3.4-bundle_2.12;0.14.0 in central
[2025-11-09T15:14:40.366+0000] {spark_submit.py:579} INFO - found org.apache.hadoop#hadoop-aws;3.3.2 in central
[2025-11-09T15:14:40.395+0000] {spark_submit.py:579} INFO - found com.amazonaws#aws-java-sdk-bundle;1.11.1026 in central
[2025-11-09T15:14:40.429+0000] {spark_submit.py:579} INFO - found org.wildfly.openssl#wildfly-openssl;1.0.7.Final in central
[2025-11-09T15:14:40.463+0000] {spark_submit.py:579} INFO - :: resolution report :: resolve 335ms :: artifacts dl 11ms
[2025-11-09T15:14:40.464+0000] {spark_submit.py:579} INFO - :: modules in use:
[2025-11-09T15:14:40.464+0000] {spark_submit.py:579} INFO - com.amazonaws#aws-java-sdk-bundle;1.11.1026 from central in [default]
[2025-11-09T15:14:40.464+0000] {spark_submit.py:579} INFO - org.apache.hadoop#hadoop-aws;3.3.2 from central in [default]
[2025-11-09T15:14:40.464+0000] {spark_submit.py:579} INFO - org.apache.hudi#hudi-spark3.4-bundle_2.12;0.14.0 from central in [default]
[2025-11-09T15:14:40.464+0000] {spark_submit.py:579} INFO - org.wildfly.openssl#wildfly-openssl;1.0.7.Final from central in [default]
[2025-11-09T15:14:40.464+0000] {spark_submit.py:579} INFO - ---------------------------------------------------------------------
[2025-11-09T15:14:40.465+0000] {spark_submit.py:579} INFO - |                  |            modules            ||   artifacts   |
[2025-11-09T15:14:40.465+0000] {spark_submit.py:579} INFO - |       conf       | number| search|dwnlded|evicted|| number|dwnlded|
[2025-11-09T15:14:40.465+0000] {spark_submit.py:579} INFO - ---------------------------------------------------------------------
[2025-11-09T15:14:40.465+0000] {spark_submit.py:579} INFO - |      default     |   4   |   0   |   0   |   0   ||   4   |   0   |
[2025-11-09T15:14:40.465+0000] {spark_submit.py:579} INFO - ---------------------------------------------------------------------
[2025-11-09T15:14:40.473+0000] {spark_submit.py:579} INFO - :: retrieving :: org.apache.spark#spark-submit-parent-eb953e31-eda3-4a9b-b2b8-a5253384e599
[2025-11-09T15:14:40.473+0000] {spark_submit.py:579} INFO - confs: [default]
[2025-11-09T15:14:41.277+0000] {spark_submit.py:579} INFO - 1 artifacts copied, 3 already retrieved (221074kB/804ms)
[2025-11-09T15:14:41.533+0000] {spark_submit.py:579} INFO - 25/11/09 15:14:41 WARN NativeCodeLoader: Unable to load native-hadoop library for your platform... using builtin-java classes where applicable
[2025-11-09T15:14:42.047+0000] {spark_submit.py:579} INFO - python3: can't open file '/opt/***/jobs/python/my_data_job.py': [Errno 2] No such file or directory
[2025-11-09T15:14:42.077+0000] {spark_submit.py:579} INFO - 25/11/09 15:14:42 INFO ShutdownHookManager: Shutdown hook called
[2025-11-09T15:14:42.078+0000] {spark_submit.py:579} INFO - 25/11/09 15:14:42 INFO ShutdownHookManager: Deleting directory /tmp/spark-4588c04d-4881-4338-9e43-2ab41b2ba652
[2025-11-09T15:14:42.126+0000] {taskinstance.py:1935} ERROR - Task failed with exception
Traceback (most recent call last):
  File "/home/airflow/.local/lib/python3.9/site-packages/airflow/providers/apache/spark/operators/spark_submit.py", line 174, in execute
    self._hook.submit(self.application)
  File "/home/airflow/.local/lib/python3.9/site-packages/airflow/providers/apache/spark/hooks/spark_submit.py", line 505, in submit
    raise AirflowException(
airflow.exceptions.AirflowException: Cannot execute: spark-submit --master spark://spark-master:7077 --conf spark.driver.memory=1g --conf spark.executor.memory=1g --conf spark.executor.instances=1 --packages org.apache.hudi:hudi-spark3.4-bundle_2.12:0.14.0,org.apache.hadoop:hadoop-aws:3.3.2 --name arrow-spark --deploy-mode client jobs/python/my_data_job.py. Error code is: 2.
[2025-11-09T15:14:42.129+0000] {taskinstance.py:1398} INFO - Marking task as FAILED. dag_id=dag_create_hudi_tables, task_id=python_job, execution_date=20251109T151435, start_date=20251109T151437, end_date=20251109T151442
[2025-11-09T15:14:42.143+0000] {standard_task_runner.py:104} ERROR - Failed to execute job 10 for task python_job (Cannot execute: spark-submit --master spark://spark-master:7077 --conf spark.driver.memory=1g --conf spark.executor.memory=1g --conf spark.executor.instances=1 --packages org.apache.hudi:hudi-spark3.4-bundle_2.12:0.14.0,org.apache.hadoop:hadoop-aws:3.3.2 --name arrow-spark --deploy-mode client jobs/python/my_data_job.py. Error code is: 2.; 840)
[2025-11-09T15:14:42.170+0000] {local_task_job_runner.py:228} INFO - Task exited with return code 1
[2025-11-09T15:14:42.191+0000] {taskinstance.py:2776} INFO - 0 downstream tasks scheduled from follow-on schedule check
