[2025-11-09T18:31:15.022+0000] {taskinstance.py:1157} INFO - Dependencies all met for dep_context=non-requeueable deps ti=<TaskInstance: dag_incremental_etl.python_job manual__2025-11-09T18:31:11.146639+00:00 [queued]>
[2025-11-09T18:31:15.029+0000] {taskinstance.py:1157} INFO - Dependencies all met for dep_context=requeueable deps ti=<TaskInstance: dag_incremental_etl.python_job manual__2025-11-09T18:31:11.146639+00:00 [queued]>
[2025-11-09T18:31:15.029+0000] {taskinstance.py:1359} INFO - Starting attempt 1 of 1
[2025-11-09T18:31:15.042+0000] {taskinstance.py:1380} INFO - Executing <Task(SparkSubmitOperator): python_job> on 2025-11-09 18:31:11.146639+00:00
[2025-11-09T18:31:15.047+0000] {standard_task_runner.py:57} INFO - Started process 1065 to run task
[2025-11-09T18:31:15.048+0000] {standard_task_runner.py:84} INFO - Running: ['***', 'tasks', 'run', 'dag_incremental_etl', 'python_job', 'manual__2025-11-09T18:31:11.146639+00:00', '--job-id', '7', '--raw', '--subdir', 'DAGS_FOLDER/minio.py', '--cfg-path', '/tmp/tmpvgqvoe6z']
[2025-11-09T18:31:15.050+0000] {standard_task_runner.py:85} INFO - Job 7: Subtask python_job
[2025-11-09T18:31:15.093+0000] {task_command.py:415} INFO - Running <TaskInstance: dag_incremental_etl.python_job manual__2025-11-09T18:31:11.146639+00:00 [running]> on host 7d3cebd96e2d
[2025-11-09T18:31:15.162+0000] {taskinstance.py:1660} INFO - Exporting env vars: AIRFLOW_CTX_DAG_OWNER='Soumil Shah' AIRFLOW_CTX_DAG_ID='dag_incremental_etl' AIRFLOW_CTX_TASK_ID='python_job' AIRFLOW_CTX_EXECUTION_DATE='2025-11-09T18:31:11.146639+00:00' AIRFLOW_CTX_TRY_NUMBER='1' AIRFLOW_CTX_DAG_RUN_ID='manual__2025-11-09T18:31:11.146639+00:00'
[2025-11-09T18:31:15.176+0000] {base.py:73} INFO - Using connection ID 'spark-conn' for task execution.
[2025-11-09T18:31:15.177+0000] {spark_submit.py:403} INFO - Spark-Submit cmd: spark-submit --master spark://spark-master:7077 --conf spark.driver.memory=1g --conf spark.executor.memory=1g --conf spark.executor.instances=1 --packages org.apache.hudi:hudi-spark3.4-bundle_2.12:0.14.0,org.apache.hadoop:hadoop-aws:3.3.2 --name arrow-spark --deploy-mode client jobs/minio.py
[2025-11-09T18:31:15.334+0000] {spark_submit.py:579} INFO - /home/***/.local/lib/python3.9/site-packages/pyspark/bin/load-spark-env.sh: line 68: ps: command not found
[2025-11-09T18:31:16.967+0000] {spark_submit.py:579} INFO - :: loading settings :: url = jar:file:/home/***/.local/lib/python3.9/site-packages/pyspark/jars/ivy-2.5.1.jar!/org/apache/ivy/core/settings/ivysettings.xml
[2025-11-09T18:31:17.130+0000] {spark_submit.py:579} INFO - Ivy Default Cache set to: /home/***/.ivy2/cache
[2025-11-09T18:31:17.130+0000] {spark_submit.py:579} INFO - The jars for the packages stored in: /home/***/.ivy2/jars
[2025-11-09T18:31:17.138+0000] {spark_submit.py:579} INFO - org.apache.hudi#hudi-spark3.4-bundle_2.12 added as a dependency
[2025-11-09T18:31:17.138+0000] {spark_submit.py:579} INFO - org.apache.hadoop#hadoop-aws added as a dependency
[2025-11-09T18:31:17.138+0000] {spark_submit.py:579} INFO - :: resolving dependencies :: org.apache.spark#spark-submit-parent-b9e1ac14-fb6b-4e67-8126-acffbbb9d6f7;1.0
[2025-11-09T18:31:17.139+0000] {spark_submit.py:579} INFO - confs: [default]
[2025-11-09T18:31:17.301+0000] {spark_submit.py:579} INFO - found org.apache.hudi#hudi-spark3.4-bundle_2.12;0.14.0 in central
[2025-11-09T18:31:17.340+0000] {spark_submit.py:579} INFO - found org.apache.hadoop#hadoop-aws;3.3.2 in central
[2025-11-09T18:31:17.366+0000] {spark_submit.py:579} INFO - found com.amazonaws#aws-java-sdk-bundle;1.11.1026 in central
[2025-11-09T18:31:17.388+0000] {spark_submit.py:579} INFO - found org.wildfly.openssl#wildfly-openssl;1.0.7.Final in central
[2025-11-09T18:31:17.411+0000] {spark_submit.py:579} INFO - :: resolution report :: resolve 265ms :: artifacts dl 8ms
[2025-11-09T18:31:17.412+0000] {spark_submit.py:579} INFO - :: modules in use:
[2025-11-09T18:31:17.412+0000] {spark_submit.py:579} INFO - com.amazonaws#aws-java-sdk-bundle;1.11.1026 from central in [default]
[2025-11-09T18:31:17.412+0000] {spark_submit.py:579} INFO - org.apache.hadoop#hadoop-aws;3.3.2 from central in [default]
[2025-11-09T18:31:17.412+0000] {spark_submit.py:579} INFO - org.apache.hudi#hudi-spark3.4-bundle_2.12;0.14.0 from central in [default]
[2025-11-09T18:31:17.413+0000] {spark_submit.py:579} INFO - org.wildfly.openssl#wildfly-openssl;1.0.7.Final from central in [default]
[2025-11-09T18:31:17.413+0000] {spark_submit.py:579} INFO - ---------------------------------------------------------------------
[2025-11-09T18:31:17.413+0000] {spark_submit.py:579} INFO - |                  |            modules            ||   artifacts   |
[2025-11-09T18:31:17.413+0000] {spark_submit.py:579} INFO - |       conf       | number| search|dwnlded|evicted|| number|dwnlded|
[2025-11-09T18:31:17.413+0000] {spark_submit.py:579} INFO - ---------------------------------------------------------------------
[2025-11-09T18:31:17.413+0000] {spark_submit.py:579} INFO - |      default     |   4   |   0   |   0   |   0   ||   4   |   0   |
[2025-11-09T18:31:17.413+0000] {spark_submit.py:579} INFO - ---------------------------------------------------------------------
[2025-11-09T18:31:17.421+0000] {spark_submit.py:579} INFO - :: retrieving :: org.apache.spark#spark-submit-parent-b9e1ac14-fb6b-4e67-8126-acffbbb9d6f7
[2025-11-09T18:31:17.421+0000] {spark_submit.py:579} INFO - confs: [default]
[2025-11-09T18:31:18.090+0000] {spark_submit.py:579} INFO - 4 artifacts copied, 0 already retrieved (324965kB/668ms)
[2025-11-09T18:31:18.378+0000] {spark_submit.py:579} INFO - 25/11/09 18:31:18 WARN NativeCodeLoader: Unable to load native-hadoop library for your platform... using builtin-java classes where applicable
[2025-11-09T18:31:20.535+0000] {spark_submit.py:579} INFO - 25/11/09 18:31:20 INFO SparkContext: Running Spark version 3.4.0
[2025-11-09T18:31:20.562+0000] {spark_submit.py:579} INFO - 25/11/09 18:31:20 INFO ResourceUtils: ==============================================================
[2025-11-09T18:31:20.562+0000] {spark_submit.py:579} INFO - 25/11/09 18:31:20 INFO ResourceUtils: No custom resources configured for spark.driver.
[2025-11-09T18:31:20.563+0000] {spark_submit.py:579} INFO - 25/11/09 18:31:20 INFO ResourceUtils: ==============================================================
[2025-11-09T18:31:20.563+0000] {spark_submit.py:579} INFO - 25/11/09 18:31:20 INFO SparkContext: Submitted application: arrow-spark
[2025-11-09T18:31:20.591+0000] {spark_submit.py:579} INFO - 25/11/09 18:31:20 INFO ResourceProfile: Default ResourceProfile created, executor resources: Map(memory -> name: memory, amount: 1024, script: , vendor: , offHeap -> name: offHeap, amount: 0, script: , vendor: ), task resources: Map(cpus -> name: cpus, amount: 1.0)
[2025-11-09T18:31:20.604+0000] {spark_submit.py:579} INFO - 25/11/09 18:31:20 INFO ResourceProfile: Limiting resource is cpu
[2025-11-09T18:31:20.605+0000] {spark_submit.py:579} INFO - 25/11/09 18:31:20 INFO ResourceProfileManager: Added ResourceProfile id: 0
[2025-11-09T18:31:20.697+0000] {spark_submit.py:579} INFO - 25/11/09 18:31:20 INFO SecurityManager: Changing view acls to: ***
[2025-11-09T18:31:20.698+0000] {spark_submit.py:579} INFO - 25/11/09 18:31:20 INFO SecurityManager: Changing modify acls to: ***
[2025-11-09T18:31:20.698+0000] {spark_submit.py:579} INFO - 25/11/09 18:31:20 INFO SecurityManager: Changing view acls groups to:
[2025-11-09T18:31:20.698+0000] {spark_submit.py:579} INFO - 25/11/09 18:31:20 INFO SecurityManager: Changing modify acls groups to:
[2025-11-09T18:31:20.699+0000] {spark_submit.py:579} INFO - 25/11/09 18:31:20 INFO SecurityManager: SecurityManager: authentication disabled; ui acls disabled; users with view permissions: ***; groups with view permissions: EMPTY; users with modify permissions: ***; groups with modify permissions: EMPTY
[2025-11-09T18:31:21.033+0000] {spark_submit.py:579} INFO - 25/11/09 18:31:21 INFO Utils: Successfully started service 'sparkDriver' on port 42533.
[2025-11-09T18:31:21.078+0000] {spark_submit.py:579} INFO - 25/11/09 18:31:21 INFO SparkEnv: Registering MapOutputTracker
[2025-11-09T18:31:21.120+0000] {spark_submit.py:579} INFO - 25/11/09 18:31:21 INFO SparkEnv: Registering BlockManagerMaster
[2025-11-09T18:31:21.150+0000] {spark_submit.py:579} INFO - 25/11/09 18:31:21 INFO BlockManagerMasterEndpoint: Using org.apache.spark.storage.DefaultTopologyMapper for getting topology information
[2025-11-09T18:31:21.150+0000] {spark_submit.py:579} INFO - 25/11/09 18:31:21 INFO BlockManagerMasterEndpoint: BlockManagerMasterEndpoint up
[2025-11-09T18:31:21.155+0000] {spark_submit.py:579} INFO - 25/11/09 18:31:21 INFO SparkEnv: Registering BlockManagerMasterHeartbeat
[2025-11-09T18:31:21.192+0000] {spark_submit.py:579} INFO - 25/11/09 18:31:21 INFO DiskBlockManager: Created local directory at /tmp/blockmgr-f7e307b3-c4da-4bdd-9d61-d8659d602f20
[2025-11-09T18:31:21.211+0000] {spark_submit.py:579} INFO - 25/11/09 18:31:21 INFO MemoryStore: MemoryStore started with capacity 434.4 MiB
[2025-11-09T18:31:21.232+0000] {spark_submit.py:579} INFO - 25/11/09 18:31:21 INFO SparkEnv: Registering OutputCommitCoordinator
[2025-11-09T18:31:21.420+0000] {spark_submit.py:579} INFO - 25/11/09 18:31:21 INFO JettyUtils: Start Jetty 0.0.0.0:4040 for SparkUI
[2025-11-09T18:31:21.504+0000] {spark_submit.py:579} INFO - 25/11/09 18:31:21 INFO Utils: Successfully started service 'SparkUI' on port 4040.
[2025-11-09T18:31:21.535+0000] {spark_submit.py:579} INFO - 25/11/09 18:31:21 INFO SparkContext: Added JAR file:///home/***/.ivy2/jars/org.apache.hudi_hudi-spark3.4-bundle_2.12-0.14.0.jar at spark://7d3cebd96e2d:42533/jars/org.apache.hudi_hudi-spark3.4-bundle_2.12-0.14.0.jar with timestamp 1762713080522
[2025-11-09T18:31:21.535+0000] {spark_submit.py:579} INFO - 25/11/09 18:31:21 INFO SparkContext: Added JAR file:///home/***/.ivy2/jars/org.apache.hadoop_hadoop-aws-3.3.2.jar at spark://7d3cebd96e2d:42533/jars/org.apache.hadoop_hadoop-aws-3.3.2.jar with timestamp 1762713080522
[2025-11-09T18:31:21.536+0000] {spark_submit.py:579} INFO - 25/11/09 18:31:21 INFO SparkContext: Added JAR file:///home/***/.ivy2/jars/com.amazonaws_aws-java-sdk-bundle-1.11.1026.jar at spark://7d3cebd96e2d:42533/jars/com.amazonaws_aws-java-sdk-bundle-1.11.1026.jar with timestamp 1762713080522
[2025-11-09T18:31:21.536+0000] {spark_submit.py:579} INFO - 25/11/09 18:31:21 INFO SparkContext: Added JAR file:///home/***/.ivy2/jars/org.wildfly.openssl_wildfly-openssl-1.0.7.Final.jar at spark://7d3cebd96e2d:42533/jars/org.wildfly.openssl_wildfly-openssl-1.0.7.Final.jar with timestamp 1762713080522
[2025-11-09T18:31:21.538+0000] {spark_submit.py:579} INFO - 25/11/09 18:31:21 INFO SparkContext: Added file file:///home/***/.ivy2/jars/org.apache.hudi_hudi-spark3.4-bundle_2.12-0.14.0.jar at spark://7d3cebd96e2d:42533/files/org.apache.hudi_hudi-spark3.4-bundle_2.12-0.14.0.jar with timestamp 1762713080522
[2025-11-09T18:31:21.538+0000] {spark_submit.py:579} INFO - 25/11/09 18:31:21 INFO Utils: Copying /home/***/.ivy2/jars/org.apache.hudi_hudi-spark3.4-bundle_2.12-0.14.0.jar to /tmp/spark-7fc89e80-6678-4012-b7d5-117e348b5850/userFiles-2a3b0e75-7b1e-486c-8c5a-426a92bde6ef/org.apache.hudi_hudi-spark3.4-bundle_2.12-0.14.0.jar
[2025-11-09T18:31:22.264+0000] {spark_submit.py:579} INFO - 25/11/09 18:31:22 INFO SparkContext: Added file file:///home/***/.ivy2/jars/org.apache.hadoop_hadoop-aws-3.3.2.jar at spark://7d3cebd96e2d:42533/files/org.apache.hadoop_hadoop-aws-3.3.2.jar with timestamp 1762713080522
[2025-11-09T18:31:22.264+0000] {spark_submit.py:579} INFO - 25/11/09 18:31:22 INFO Utils: Copying /home/***/.ivy2/jars/org.apache.hadoop_hadoop-aws-3.3.2.jar to /tmp/spark-7fc89e80-6678-4012-b7d5-117e348b5850/userFiles-2a3b0e75-7b1e-486c-8c5a-426a92bde6ef/org.apache.hadoop_hadoop-aws-3.3.2.jar
[2025-11-09T18:31:22.282+0000] {spark_submit.py:579} INFO - 25/11/09 18:31:22 INFO SparkContext: Added file file:///home/***/.ivy2/jars/com.amazonaws_aws-java-sdk-bundle-1.11.1026.jar at spark://7d3cebd96e2d:42533/files/com.amazonaws_aws-java-sdk-bundle-1.11.1026.jar with timestamp 1762713080522
[2025-11-09T18:31:22.283+0000] {spark_submit.py:579} INFO - 25/11/09 18:31:22 INFO Utils: Copying /home/***/.ivy2/jars/com.amazonaws_aws-java-sdk-bundle-1.11.1026.jar to /tmp/spark-7fc89e80-6678-4012-b7d5-117e348b5850/userFiles-2a3b0e75-7b1e-486c-8c5a-426a92bde6ef/com.amazonaws_aws-java-sdk-bundle-1.11.1026.jar
[2025-11-09T18:31:23.821+0000] {spark_submit.py:579} INFO - 25/11/09 18:31:23 INFO SparkContext: Added file file:///home/***/.ivy2/jars/org.wildfly.openssl_wildfly-openssl-1.0.7.Final.jar at spark://7d3cebd96e2d:42533/files/org.wildfly.openssl_wildfly-openssl-1.0.7.Final.jar with timestamp 1762713080522
[2025-11-09T18:31:23.821+0000] {spark_submit.py:579} INFO - 25/11/09 18:31:23 INFO Utils: Copying /home/***/.ivy2/jars/org.wildfly.openssl_wildfly-openssl-1.0.7.Final.jar to /tmp/spark-7fc89e80-6678-4012-b7d5-117e348b5850/userFiles-2a3b0e75-7b1e-486c-8c5a-426a92bde6ef/org.wildfly.openssl_wildfly-openssl-1.0.7.Final.jar
[2025-11-09T18:31:23.931+0000] {spark_submit.py:579} INFO - 25/11/09 18:31:23 INFO StandaloneAppClient$ClientEndpoint: Connecting to master spark://spark-master:7077...
[2025-11-09T18:31:23.987+0000] {spark_submit.py:579} INFO - 25/11/09 18:31:23 INFO TransportClientFactory: Successfully created connection to spark-master/172.19.0.5:7077 after 33 ms (0 ms spent in bootstraps)
[2025-11-09T18:31:24.375+0000] {spark_submit.py:579} INFO - 25/11/09 18:31:24 INFO StandaloneSchedulerBackend: Connected to Spark cluster with app ID app-20251109183124-0000
[2025-11-09T18:31:24.387+0000] {spark_submit.py:579} INFO - 25/11/09 18:31:24 INFO Utils: Successfully started service 'org.apache.spark.network.netty.NettyBlockTransferService' on port 34805.
[2025-11-09T18:31:24.388+0000] {spark_submit.py:579} INFO - 25/11/09 18:31:24 INFO NettyBlockTransferService: Server created on 7d3cebd96e2d:34805
[2025-11-09T18:31:24.391+0000] {spark_submit.py:579} INFO - 25/11/09 18:31:24 INFO BlockManager: Using org.apache.spark.storage.RandomBlockReplicationPolicy for block replication policy
[2025-11-09T18:31:24.406+0000] {spark_submit.py:579} INFO - 25/11/09 18:31:24 INFO BlockManagerMaster: Registering BlockManager BlockManagerId(driver, 7d3cebd96e2d, 34805, None)
[2025-11-09T18:31:24.410+0000] {spark_submit.py:579} INFO - 25/11/09 18:31:24 INFO BlockManagerMasterEndpoint: Registering block manager 7d3cebd96e2d:34805 with 434.4 MiB RAM, BlockManagerId(driver, 7d3cebd96e2d, 34805, None)
[2025-11-09T18:31:24.412+0000] {spark_submit.py:579} INFO - 25/11/09 18:31:24 INFO BlockManagerMaster: Registered BlockManager BlockManagerId(driver, 7d3cebd96e2d, 34805, None)
[2025-11-09T18:31:24.414+0000] {spark_submit.py:579} INFO - 25/11/09 18:31:24 INFO BlockManager: Initialized BlockManager: BlockManagerId(driver, 7d3cebd96e2d, 34805, None)
[2025-11-09T18:31:24.432+0000] {spark_submit.py:579} INFO - 25/11/09 18:31:24 INFO StandaloneAppClient$ClientEndpoint: Executor added: app-20251109183124-0000/0 on worker-20251109175458-172.19.0.7-34375 (172.19.0.7:34375) with 4 core(s)
[2025-11-09T18:31:24.435+0000] {spark_submit.py:579} INFO - 25/11/09 18:31:24 INFO StandaloneSchedulerBackend: Granted executor ID app-20251109183124-0000/0 on hostPort 172.19.0.7:34375 with 4 core(s), 1024.0 MiB RAM
[2025-11-09T18:31:24.906+0000] {spark_submit.py:579} INFO - 25/11/09 18:31:24 INFO StandaloneAppClient$ClientEndpoint: Executor updated: app-20251109183124-0000/0 is now RUNNING
[2025-11-09T18:31:24.926+0000] {spark_submit.py:579} INFO - 25/11/09 18:31:24 INFO StandaloneSchedulerBackend: SchedulerBackend is ready for scheduling beginning after reached minRegisteredResourcesRatio: 0.0
[2025-11-09T18:31:26.955+0000] {spark_submit.py:579} INFO - 25/11/09 18:31:26 INFO SharedState: Setting hive.metastore.warehouse.dir ('null') to the value of spark.sql.warehouse.dir.
[2025-11-09T18:31:26.957+0000] {spark_submit.py:579} INFO - 25/11/09 18:31:26 INFO SharedState: Warehouse path is 'file:/opt/***/spark-warehouse'.
[2025-11-09T18:31:29.251+0000] {spark_submit.py:579} INFO - 25/11/09 18:31:29 INFO StandaloneSchedulerBackend$StandaloneDriverEndpoint: Registered executor NettyRpcEndpointRef(spark-client://Executor) (172.19.0.7:36362) with ID 0,  ResourceProfileId 0
[2025-11-09T18:31:29.362+0000] {spark_submit.py:579} INFO - 25/11/09 18:31:29 INFO BlockManagerMasterEndpoint: Registering block manager 172.19.0.7:41647 with 434.4 MiB RAM, BlockManagerId(0, 172.19.0.7, 41647, None)
[2025-11-09T18:31:31.022+0000] {spark_submit.py:579} INFO - 25/11/09 18:31:31 WARN MetricsConfig: Cannot locate configuration: tried hadoop-metrics2-s3a-file-system.properties,hadoop-metrics2.properties
[2025-11-09T18:31:31.035+0000] {spark_submit.py:579} INFO - 25/11/09 18:31:31 INFO MetricsSystemImpl: Scheduled Metric snapshot period at 10 second(s).
[2025-11-09T18:31:31.036+0000] {spark_submit.py:579} INFO - 25/11/09 18:31:31 INFO MetricsSystemImpl: s3a-file-system metrics system started
[2025-11-09T18:31:33.092+0000] {spark_submit.py:579} INFO - 25/11/09 18:31:33 WARN AbstractS3ACommitterFactory: Using standard FileOutputCommitter to commit work. This is slow and potentially unsafe.
[2025-11-09T18:31:33.093+0000] {spark_submit.py:579} INFO - 25/11/09 18:31:33 INFO FileOutputCommitter: File Output Committer Algorithm version is 1
[2025-11-09T18:31:33.094+0000] {spark_submit.py:579} INFO - 25/11/09 18:31:33 INFO FileOutputCommitter: FileOutputCommitter skip cleanup _temporary folders under output directory:false, ignore cleanup failures: false
[2025-11-09T18:31:33.094+0000] {spark_submit.py:579} INFO - 25/11/09 18:31:33 INFO AbstractS3ACommitterFactory: Using Committer FileOutputCommitter{PathOutputCommitter{context=TaskAttemptContextImpl{JobContextImpl{jobId=job_20251109183133468518166510908433_0000}; taskId=attempt_20251109183133468518166510908433_0000_m_000000_0, status=''}; org.apache.hadoop.mapreduce.lib.output.FileOutputCommitter@383ebd68}; outputPath=s3a://test/outputv2_data, workPath=s3a://test/outputv2_data/_temporary/0/_temporary/attempt_20251109183133468518166510908433_0000_m_000000_0, algorithmVersion=1, skipCleanup=false, ignoreCleanupFailures=false} for s3a://test/outputv2_data
[2025-11-09T18:31:33.094+0000] {spark_submit.py:579} INFO - 25/11/09 18:31:33 INFO SQLHadoopMapReduceCommitProtocol: Using output committer class org.apache.hadoop.mapreduce.lib.output.FileOutputCommitter
[2025-11-09T18:31:33.619+0000] {spark_submit.py:579} INFO - 25/11/09 18:31:33 INFO CodeGenerator: Code generated in 210.94482 ms
[2025-11-09T18:31:33.650+0000] {spark_submit.py:579} INFO - 25/11/09 18:31:33 INFO SparkContext: Starting job: save at NativeMethodAccessorImpl.java:0
[2025-11-09T18:31:33.672+0000] {spark_submit.py:579} INFO - 25/11/09 18:31:33 INFO DAGScheduler: Got job 0 (save at NativeMethodAccessorImpl.java:0) with 2 output partitions
[2025-11-09T18:31:33.673+0000] {spark_submit.py:579} INFO - 25/11/09 18:31:33 INFO DAGScheduler: Final stage: ResultStage 0 (save at NativeMethodAccessorImpl.java:0)
[2025-11-09T18:31:33.674+0000] {spark_submit.py:579} INFO - 25/11/09 18:31:33 INFO DAGScheduler: Parents of final stage: List()
[2025-11-09T18:31:33.674+0000] {spark_submit.py:579} INFO - 25/11/09 18:31:33 INFO DAGScheduler: Missing parents: List()
[2025-11-09T18:31:33.676+0000] {spark_submit.py:579} INFO - 25/11/09 18:31:33 INFO DAGScheduler: Submitting ResultStage 0 (MapPartitionsRDD[6] at save at NativeMethodAccessorImpl.java:0), which has no missing parents
[2025-11-09T18:31:33.856+0000] {spark_submit.py:579} INFO - 25/11/09 18:31:33 INFO MemoryStore: Block broadcast_0 stored as values in memory (estimated size 219.7 KiB, free 434.2 MiB)
[2025-11-09T18:31:34.327+0000] {spark_submit.py:579} INFO - 25/11/09 18:31:34 INFO MemoryStore: Block broadcast_0_piece0 stored as bytes in memory (estimated size 79.9 KiB, free 434.1 MiB)
[2025-11-09T18:31:34.333+0000] {spark_submit.py:579} INFO - 25/11/09 18:31:34 INFO BlockManagerInfo: Added broadcast_0_piece0 in memory on 7d3cebd96e2d:34805 (size: 79.9 KiB, free: 434.3 MiB)
[2025-11-09T18:31:34.336+0000] {spark_submit.py:579} INFO - 25/11/09 18:31:34 INFO SparkContext: Created broadcast 0 from broadcast at DAGScheduler.scala:1535
[2025-11-09T18:31:34.353+0000] {spark_submit.py:579} INFO - 25/11/09 18:31:34 INFO DAGScheduler: Submitting 2 missing tasks from ResultStage 0 (MapPartitionsRDD[6] at save at NativeMethodAccessorImpl.java:0) (first 15 tasks are for partitions Vector(0, 1))
[2025-11-09T18:31:34.354+0000] {spark_submit.py:579} INFO - 25/11/09 18:31:34 INFO TaskSchedulerImpl: Adding task set 0.0 with 2 tasks resource profile 0
[2025-11-09T18:31:41.528+0000] {spark_submit.py:579} INFO - 25/11/09 18:31:41 INFO TaskSetManager: Starting task 0.0 in stage 0.0 (TID 0) (172.19.0.7, executor 0, partition 0, PROCESS_LOCAL, 7276 bytes)
[2025-11-09T18:31:41.538+0000] {spark_submit.py:579} INFO - 25/11/09 18:31:41 INFO TaskSetManager: Starting task 1.0 in stage 0.0 (TID 1) (172.19.0.7, executor 0, partition 1, PROCESS_LOCAL, 7308 bytes)
[2025-11-09T18:31:42.529+0000] {spark_submit.py:579} INFO - 25/11/09 18:31:42 INFO BlockManagerInfo: Added broadcast_0_piece0 in memory on 172.19.0.7:41647 (size: 79.9 KiB, free: 434.3 MiB)
[2025-11-09T18:31:46.242+0000] {spark_submit.py:579} INFO - 25/11/09 18:31:46 INFO TaskSetManager: Finished task 0.0 in stage 0.0 (TID 0) in 4726 ms on 172.19.0.7 (executor 0) (1/2)
[2025-11-09T18:31:46.246+0000] {spark_submit.py:579} INFO - 25/11/09 18:31:46 INFO PythonAccumulatorV2: Connected to AccumulatorServer at host: 127.0.0.1 port: 38875
[2025-11-09T18:31:46.322+0000] {spark_submit.py:579} INFO - 25/11/09 18:31:46 INFO TaskSetManager: Finished task 1.0 in stage 0.0 (TID 1) in 4790 ms on 172.19.0.7 (executor 0) (2/2)
[2025-11-09T18:31:46.326+0000] {spark_submit.py:579} INFO - 25/11/09 18:31:46 INFO TaskSchedulerImpl: Removed TaskSet 0.0, whose tasks have all completed, from pool
[2025-11-09T18:31:46.328+0000] {spark_submit.py:579} INFO - 25/11/09 18:31:46 INFO DAGScheduler: ResultStage 0 (save at NativeMethodAccessorImpl.java:0) finished in 12.634 s
[2025-11-09T18:31:46.336+0000] {spark_submit.py:579} INFO - 25/11/09 18:31:46 INFO DAGScheduler: Job 0 is finished. Cancelling potential speculative or zombie tasks for this job
[2025-11-09T18:31:46.337+0000] {spark_submit.py:579} INFO - 25/11/09 18:31:46 INFO TaskSchedulerImpl: Killing all running tasks in stage 0: Stage finished
[2025-11-09T18:31:46.338+0000] {spark_submit.py:579} INFO - 25/11/09 18:31:46 INFO DAGScheduler: Job 0 finished: save at NativeMethodAccessorImpl.java:0, took 12.687977 s
[2025-11-09T18:31:46.341+0000] {spark_submit.py:579} INFO - 25/11/09 18:31:46 INFO FileFormatWriter: Start to commit write Job 382e8c0a-1af0-4041-9377-97ef7858dcfd.
[2025-11-09T18:31:46.795+0000] {spark_submit.py:579} INFO - 25/11/09 18:31:46 INFO FileFormatWriter: Write Job 382e8c0a-1af0-4041-9377-97ef7858dcfd committed. Elapsed time: 453 ms.
[2025-11-09T18:31:46.799+0000] {spark_submit.py:579} INFO - 25/11/09 18:31:46 INFO FileFormatWriter: Finished processing stats for write job 382e8c0a-1af0-4041-9377-97ef7858dcfd.
[2025-11-09T18:31:46.802+0000] {spark_submit.py:579} INFO - Data written successfully to s3a://test/outputv2_data
[2025-11-09T18:31:46.803+0000] {spark_submit.py:579} INFO - 25/11/09 18:31:46 INFO SparkContext: SparkContext is stopping with exitCode 0.
[2025-11-09T18:31:46.824+0000] {spark_submit.py:579} INFO - 25/11/09 18:31:46 INFO SparkUI: Stopped Spark web UI at http://7d3cebd96e2d:4040
[2025-11-09T18:31:46.830+0000] {spark_submit.py:579} INFO - 25/11/09 18:31:46 INFO StandaloneSchedulerBackend: Shutting down all executors
[2025-11-09T18:31:46.831+0000] {spark_submit.py:579} INFO - 25/11/09 18:31:46 INFO StandaloneSchedulerBackend$StandaloneDriverEndpoint: Asking each executor to shut down
[2025-11-09T18:31:46.853+0000] {spark_submit.py:579} INFO - 25/11/09 18:31:46 INFO MapOutputTrackerMasterEndpoint: MapOutputTrackerMasterEndpoint stopped!
[2025-11-09T18:31:46.875+0000] {spark_submit.py:579} INFO - 25/11/09 18:31:46 INFO MemoryStore: MemoryStore cleared
[2025-11-09T18:31:46.875+0000] {spark_submit.py:579} INFO - 25/11/09 18:31:46 INFO BlockManager: BlockManager stopped
[2025-11-09T18:31:46.883+0000] {spark_submit.py:579} INFO - 25/11/09 18:31:46 INFO BlockManagerMaster: BlockManagerMaster stopped
[2025-11-09T18:31:46.884+0000] {spark_submit.py:579} INFO - 25/11/09 18:31:46 INFO OutputCommitCoordinator$OutputCommitCoordinatorEndpoint: OutputCommitCoordinator stopped!
[2025-11-09T18:31:46.928+0000] {spark_submit.py:579} INFO - 25/11/09 18:31:46 INFO SparkContext: Successfully stopped SparkContext
[2025-11-09T18:31:47.511+0000] {spark_submit.py:579} INFO - 25/11/09 18:31:47 INFO ShutdownHookManager: Shutdown hook called
[2025-11-09T18:31:47.512+0000] {spark_submit.py:579} INFO - 25/11/09 18:31:47 INFO ShutdownHookManager: Deleting directory /tmp/spark-00bc5b0b-ff39-4a16-a602-58adf84486e0
[2025-11-09T18:31:47.517+0000] {spark_submit.py:579} INFO - 25/11/09 18:31:47 INFO ShutdownHookManager: Deleting directory /tmp/spark-7fc89e80-6678-4012-b7d5-117e348b5850/pyspark-3c96d718-6a92-48e8-b5a2-5b27330ce6d5
[2025-11-09T18:31:47.521+0000] {spark_submit.py:579} INFO - 25/11/09 18:31:47 INFO ShutdownHookManager: Deleting directory /tmp/spark-7fc89e80-6678-4012-b7d5-117e348b5850
[2025-11-09T18:31:47.534+0000] {spark_submit.py:579} INFO - 25/11/09 18:31:47 INFO MetricsSystemImpl: Stopping s3a-file-system metrics system...
[2025-11-09T18:31:47.535+0000] {spark_submit.py:579} INFO - 25/11/09 18:31:47 INFO MetricsSystemImpl: s3a-file-system metrics system stopped.
[2025-11-09T18:31:47.536+0000] {spark_submit.py:579} INFO - 25/11/09 18:31:47 INFO MetricsSystemImpl: s3a-file-system metrics system shutdown complete.
[2025-11-09T18:31:47.612+0000] {taskinstance.py:1398} INFO - Marking task as SUCCESS. dag_id=dag_incremental_etl, task_id=python_job, execution_date=20251109T183111, start_date=20251109T183115, end_date=20251109T183147
[2025-11-09T18:31:47.632+0000] {local_task_job_runner.py:228} INFO - Task exited with return code 0
[2025-11-09T18:31:47.651+0000] {taskinstance.py:2776} INFO - 1 downstream tasks scheduled from follow-on schedule check
