[2025-11-09T15:14:36.402+0000] {taskinstance.py:1157} INFO - Dependencies all met for dep_context=non-requeueable deps ti=<TaskInstance: dag_create_hudi_tables.start scheduled__2025-11-08T00:00:00+00:00 [queued]>
[2025-11-09T15:14:36.410+0000] {taskinstance.py:1157} INFO - Dependencies all met for dep_context=requeueable deps ti=<TaskInstance: dag_create_hudi_tables.start scheduled__2025-11-08T00:00:00+00:00 [queued]>
[2025-11-09T15:14:36.411+0000] {taskinstance.py:1359} INFO - Starting attempt 1 of 1
[2025-11-09T15:14:36.421+0000] {taskinstance.py:1380} INFO - Executing <Task(PythonOperator): start> on 2025-11-08 00:00:00+00:00
[2025-11-09T15:14:36.426+0000] {standard_task_runner.py:57} INFO - Started process 837 to run task
[2025-11-09T15:14:36.429+0000] {standard_task_runner.py:84} INFO - Running: ['***', 'tasks', 'run', 'dag_create_hudi_tables', 'start', 'scheduled__2025-11-08T00:00:00+00:00', '--job-id', '8', '--raw', '--subdir', 'DAGS_FOLDER/my_dag.py', '--cfg-path', '/tmp/tmpa41vz8vj']
[2025-11-09T15:14:36.431+0000] {standard_task_runner.py:85} INFO - Job 8: Subtask start
[2025-11-09T15:14:36.479+0000] {task_command.py:415} INFO - Running <TaskInstance: dag_create_hudi_tables.start scheduled__2025-11-08T00:00:00+00:00 [running]> on host 863c17993851
[2025-11-09T15:14:36.554+0000] {taskinstance.py:1660} INFO - Exporting env vars: AIRFLOW_CTX_DAG_OWNER='Soumil Shah' AIRFLOW_CTX_DAG_ID='dag_create_hudi_tables' AIRFLOW_CTX_TASK_ID='start' AIRFLOW_CTX_EXECUTION_DATE='2025-11-08T00:00:00+00:00' AIRFLOW_CTX_TRY_NUMBER='1' AIRFLOW_CTX_DAG_RUN_ID='scheduled__2025-11-08T00:00:00+00:00'
[2025-11-09T15:14:36.555+0000] {logging_mixin.py:151} INFO - Jobs started
[2025-11-09T15:14:36.555+0000] {python.py:194} INFO - Done. Returned value was: None
[2025-11-09T15:14:36.565+0000] {taskinstance.py:1398} INFO - Marking task as SUCCESS. dag_id=dag_create_hudi_tables, task_id=start, execution_date=20251108T000000, start_date=20251109T151436, end_date=20251109T151436
[2025-11-09T15:14:36.602+0000] {local_task_job_runner.py:228} INFO - Task exited with return code 0
[2025-11-09T15:14:36.626+0000] {taskinstance.py:2776} INFO - 1 downstream tasks scheduled from follow-on schedule check
[2025-11-09T21:22:13.619+0000] {taskinstance.py:1157} INFO - Dependencies all met for dep_context=non-requeueable deps ti=<TaskInstance: dag_create_hudi_tables.start scheduled__2025-11-08T00:00:00+00:00 [queued]>
[2025-11-09T21:22:13.630+0000] {taskinstance.py:1157} INFO - Dependencies all met for dep_context=requeueable deps ti=<TaskInstance: dag_create_hudi_tables.start scheduled__2025-11-08T00:00:00+00:00 [queued]>
[2025-11-09T21:22:13.630+0000] {taskinstance.py:1359} INFO - Starting attempt 1 of 1
[2025-11-09T21:22:13.645+0000] {taskinstance.py:1380} INFO - Executing <Task(PythonOperator): start> on 2025-11-08 00:00:00+00:00
[2025-11-09T21:22:13.652+0000] {standard_task_runner.py:57} INFO - Started process 849 to run task
[2025-11-09T21:22:13.654+0000] {standard_task_runner.py:84} INFO - Running: ['***', 'tasks', 'run', 'dag_create_hudi_tables', 'start', 'scheduled__2025-11-08T00:00:00+00:00', '--job-id', '5', '--raw', '--subdir', 'DAGS_FOLDER/my_dag.py', '--cfg-path', '/tmp/tmp8us1bn94']
[2025-11-09T21:22:13.656+0000] {standard_task_runner.py:85} INFO - Job 5: Subtask start
[2025-11-09T21:22:13.744+0000] {task_command.py:415} INFO - Running <TaskInstance: dag_create_hudi_tables.start scheduled__2025-11-08T00:00:00+00:00 [running]> on host 10e2dd57a73d
[2025-11-09T21:22:13.880+0000] {taskinstance.py:1660} INFO - Exporting env vars: AIRFLOW_CTX_DAG_OWNER='Soumil Shah' AIRFLOW_CTX_DAG_ID='dag_create_hudi_tables' AIRFLOW_CTX_TASK_ID='start' AIRFLOW_CTX_EXECUTION_DATE='2025-11-08T00:00:00+00:00' AIRFLOW_CTX_TRY_NUMBER='1' AIRFLOW_CTX_DAG_RUN_ID='scheduled__2025-11-08T00:00:00+00:00'
[2025-11-09T21:22:13.881+0000] {logging_mixin.py:151} INFO - Jobs started
[2025-11-09T21:22:13.881+0000] {python.py:194} INFO - Done. Returned value was: None
[2025-11-09T21:22:13.890+0000] {taskinstance.py:1398} INFO - Marking task as SUCCESS. dag_id=dag_create_hudi_tables, task_id=start, execution_date=20251108T000000, start_date=20251109T212213, end_date=20251109T212213
[2025-11-09T21:22:13.907+0000] {local_task_job_runner.py:228} INFO - Task exited with return code 0
[2025-11-09T21:22:13.929+0000] {taskinstance.py:2776} INFO - 1 downstream tasks scheduled from follow-on schedule check
