[2025-11-09T15:14:50.444+0000] {taskinstance.py:1157} INFO - Dependencies all met for dep_context=non-requeueable deps ti=<TaskInstance: dag_create_hudi_tables.python_job manual__2025-11-09T15:14:48.055742+00:00 [queued]>
[2025-11-09T15:14:50.450+0000] {taskinstance.py:1157} INFO - Dependencies all met for dep_context=requeueable deps ti=<TaskInstance: dag_create_hudi_tables.python_job manual__2025-11-09T15:14:48.055742+00:00 [queued]>
[2025-11-09T15:14:50.450+0000] {taskinstance.py:1359} INFO - Starting attempt 1 of 1
[2025-11-09T15:14:50.463+0000] {taskinstance.py:1380} INFO - Executing <Task(SparkSubmitOperator): python_job> on 2025-11-09 15:14:48.055742+00:00
[2025-11-09T15:14:50.471+0000] {standard_task_runner.py:57} INFO - Started process 995 to run task
[2025-11-09T15:14:50.474+0000] {standard_task_runner.py:84} INFO - Running: ['***', 'tasks', 'run', 'dag_create_hudi_tables', 'python_job', 'manual__2025-11-09T15:14:48.055742+00:00', '--job-id', '13', '--raw', '--subdir', 'DAGS_FOLDER/my_dag.py', '--cfg-path', '/tmp/tmprzs4p6xv']
[2025-11-09T15:14:50.476+0000] {standard_task_runner.py:85} INFO - Job 13: Subtask python_job
[2025-11-09T15:14:50.538+0000] {task_command.py:415} INFO - Running <TaskInstance: dag_create_hudi_tables.python_job manual__2025-11-09T15:14:48.055742+00:00 [running]> on host 863c17993851
[2025-11-09T15:14:50.612+0000] {taskinstance.py:1660} INFO - Exporting env vars: AIRFLOW_CTX_DAG_OWNER='Soumil Shah' AIRFLOW_CTX_DAG_ID='dag_create_hudi_tables' AIRFLOW_CTX_TASK_ID='python_job' AIRFLOW_CTX_EXECUTION_DATE='2025-11-09T15:14:48.055742+00:00' AIRFLOW_CTX_TRY_NUMBER='1' AIRFLOW_CTX_DAG_RUN_ID='manual__2025-11-09T15:14:48.055742+00:00'
[2025-11-09T15:14:50.624+0000] {base.py:73} INFO - Using connection ID 'spark-conn' for task execution.
[2025-11-09T15:14:50.625+0000] {spark_submit.py:403} INFO - Spark-Submit cmd: spark-submit --master spark://spark-master:7077 --conf spark.driver.memory=1g --conf spark.executor.memory=1g --conf spark.executor.instances=1 --packages org.apache.hudi:hudi-spark3.4-bundle_2.12:0.14.0,org.apache.hadoop:hadoop-aws:3.3.2 --name arrow-spark --deploy-mode client jobs/python/my_data_job.py
[2025-11-09T15:14:50.758+0000] {spark_submit.py:579} INFO - /home/***/.local/lib/python3.9/site-packages/pyspark/bin/load-spark-env.sh: line 68: ps: command not found
[2025-11-09T15:14:52.045+0000] {spark_submit.py:579} INFO - :: loading settings :: url = jar:file:/home/***/.local/lib/python3.9/site-packages/pyspark/jars/ivy-2.5.1.jar!/org/apache/ivy/core/settings/ivysettings.xml
[2025-11-09T15:14:52.169+0000] {spark_submit.py:579} INFO - Ivy Default Cache set to: /home/***/.ivy2/cache
[2025-11-09T15:14:52.169+0000] {spark_submit.py:579} INFO - The jars for the packages stored in: /home/***/.ivy2/jars
[2025-11-09T15:14:52.175+0000] {spark_submit.py:579} INFO - org.apache.hudi#hudi-spark3.4-bundle_2.12 added as a dependency
[2025-11-09T15:14:52.176+0000] {spark_submit.py:579} INFO - org.apache.hadoop#hadoop-aws added as a dependency
[2025-11-09T15:14:52.176+0000] {spark_submit.py:579} INFO - :: resolving dependencies :: org.apache.spark#spark-submit-parent-17bf09eb-0d79-4fa7-9072-7d38c6179168;1.0
[2025-11-09T15:14:52.177+0000] {spark_submit.py:579} INFO - confs: [default]
[2025-11-09T15:14:52.284+0000] {spark_submit.py:579} INFO - found org.apache.hudi#hudi-spark3.4-bundle_2.12;0.14.0 in central
[2025-11-09T15:14:52.322+0000] {spark_submit.py:579} INFO - found org.apache.hadoop#hadoop-aws;3.3.2 in central
[2025-11-09T15:14:52.347+0000] {spark_submit.py:579} INFO - found com.amazonaws#aws-java-sdk-bundle;1.11.1026 in central
[2025-11-09T15:14:52.380+0000] {spark_submit.py:579} INFO - found org.wildfly.openssl#wildfly-openssl;1.0.7.Final in central
[2025-11-09T15:14:52.407+0000] {spark_submit.py:579} INFO - :: resolution report :: resolve 221ms :: artifacts dl 9ms
[2025-11-09T15:14:52.408+0000] {spark_submit.py:579} INFO - :: modules in use:
[2025-11-09T15:14:52.408+0000] {spark_submit.py:579} INFO - com.amazonaws#aws-java-sdk-bundle;1.11.1026 from central in [default]
[2025-11-09T15:14:52.408+0000] {spark_submit.py:579} INFO - org.apache.hadoop#hadoop-aws;3.3.2 from central in [default]
[2025-11-09T15:14:52.408+0000] {spark_submit.py:579} INFO - org.apache.hudi#hudi-spark3.4-bundle_2.12;0.14.0 from central in [default]
[2025-11-09T15:14:52.408+0000] {spark_submit.py:579} INFO - org.wildfly.openssl#wildfly-openssl;1.0.7.Final from central in [default]
[2025-11-09T15:14:52.408+0000] {spark_submit.py:579} INFO - ---------------------------------------------------------------------
[2025-11-09T15:14:52.408+0000] {spark_submit.py:579} INFO - |                  |            modules            ||   artifacts   |
[2025-11-09T15:14:52.408+0000] {spark_submit.py:579} INFO - |       conf       | number| search|dwnlded|evicted|| number|dwnlded|
[2025-11-09T15:14:52.408+0000] {spark_submit.py:579} INFO - ---------------------------------------------------------------------
[2025-11-09T15:14:52.408+0000] {spark_submit.py:579} INFO - |      default     |   4   |   0   |   0   |   0   ||   4   |   0   |
[2025-11-09T15:14:52.408+0000] {spark_submit.py:579} INFO - ---------------------------------------------------------------------
[2025-11-09T15:14:52.415+0000] {spark_submit.py:579} INFO - :: retrieving :: org.apache.spark#spark-submit-parent-17bf09eb-0d79-4fa7-9072-7d38c6179168
[2025-11-09T15:14:52.415+0000] {spark_submit.py:579} INFO - confs: [default]
[2025-11-09T15:14:52.422+0000] {spark_submit.py:579} INFO - 0 artifacts copied, 4 already retrieved (0kB/7ms)
[2025-11-09T15:14:52.582+0000] {spark_submit.py:579} INFO - 25/11/09 15:14:52 WARN NativeCodeLoader: Unable to load native-hadoop library for your platform... using builtin-java classes where applicable
[2025-11-09T15:14:52.952+0000] {spark_submit.py:579} INFO - python3: can't open file '/opt/***/jobs/python/my_data_job.py': [Errno 2] No such file or directory
[2025-11-09T15:14:52.981+0000] {spark_submit.py:579} INFO - 25/11/09 15:14:52 INFO ShutdownHookManager: Shutdown hook called
[2025-11-09T15:14:52.981+0000] {spark_submit.py:579} INFO - 25/11/09 15:14:52 INFO ShutdownHookManager: Deleting directory /tmp/spark-3e5be915-566c-49f3-bb4e-7bab2dad7dfa
[2025-11-09T15:14:53.029+0000] {taskinstance.py:1935} ERROR - Task failed with exception
Traceback (most recent call last):
  File "/home/airflow/.local/lib/python3.9/site-packages/airflow/providers/apache/spark/operators/spark_submit.py", line 174, in execute
    self._hook.submit(self.application)
  File "/home/airflow/.local/lib/python3.9/site-packages/airflow/providers/apache/spark/hooks/spark_submit.py", line 505, in submit
    raise AirflowException(
airflow.exceptions.AirflowException: Cannot execute: spark-submit --master spark://spark-master:7077 --conf spark.driver.memory=1g --conf spark.executor.memory=1g --conf spark.executor.instances=1 --packages org.apache.hudi:hudi-spark3.4-bundle_2.12:0.14.0,org.apache.hadoop:hadoop-aws:3.3.2 --name arrow-spark --deploy-mode client jobs/python/my_data_job.py. Error code is: 2.
[2025-11-09T15:14:53.033+0000] {taskinstance.py:1398} INFO - Marking task as FAILED. dag_id=dag_create_hudi_tables, task_id=python_job, execution_date=20251109T151448, start_date=20251109T151450, end_date=20251109T151453
[2025-11-09T15:14:53.044+0000] {standard_task_runner.py:104} ERROR - Failed to execute job 13 for task python_job (Cannot execute: spark-submit --master spark://spark-master:7077 --conf spark.driver.memory=1g --conf spark.executor.memory=1g --conf spark.executor.instances=1 --packages org.apache.hudi:hudi-spark3.4-bundle_2.12:0.14.0,org.apache.hadoop:hadoop-aws:3.3.2 --name arrow-spark --deploy-mode client jobs/python/my_data_job.py. Error code is: 2.; 995)
[2025-11-09T15:14:53.057+0000] {local_task_job_runner.py:228} INFO - Task exited with return code 1
[2025-11-09T15:14:53.077+0000] {taskinstance.py:2776} INFO - 0 downstream tasks scheduled from follow-on schedule check
