[2025-11-09T19:39:38.132+0000] {taskinstance.py:1157} INFO - Dependencies all met for dep_context=non-requeueable deps ti=<TaskInstance: dag_incremental_etl.python_job manual__2025-11-09T19:39:36.142660+00:00 [queued]>
[2025-11-09T19:39:38.142+0000] {taskinstance.py:1157} INFO - Dependencies all met for dep_context=requeueable deps ti=<TaskInstance: dag_incremental_etl.python_job manual__2025-11-09T19:39:36.142660+00:00 [queued]>
[2025-11-09T19:39:38.143+0000] {taskinstance.py:1359} INFO - Starting attempt 1 of 1
[2025-11-09T19:39:38.153+0000] {taskinstance.py:1380} INFO - Executing <Task(SparkSubmitOperator): python_job> on 2025-11-09 19:39:36.142660+00:00
[2025-11-09T19:39:38.159+0000] {standard_task_runner.py:57} INFO - Started process 408 to run task
[2025-11-09T19:39:38.160+0000] {standard_task_runner.py:84} INFO - Running: ['***', 'tasks', 'run', 'dag_incremental_etl', 'python_job', 'manual__2025-11-09T19:39:36.142660+00:00', '--job-id', '5', '--raw', '--subdir', 'DAGS_FOLDER/minio.py', '--cfg-path', '/tmp/tmpurgux57d']
[2025-11-09T19:39:38.162+0000] {standard_task_runner.py:85} INFO - Job 5: Subtask python_job
[2025-11-09T19:39:38.204+0000] {task_command.py:415} INFO - Running <TaskInstance: dag_incremental_etl.python_job manual__2025-11-09T19:39:36.142660+00:00 [running]> on host 8acfbc175bf9
[2025-11-09T19:39:38.285+0000] {taskinstance.py:1660} INFO - Exporting env vars: AIRFLOW_CTX_DAG_OWNER='Soumil Shah' AIRFLOW_CTX_DAG_ID='dag_incremental_etl' AIRFLOW_CTX_TASK_ID='python_job' AIRFLOW_CTX_EXECUTION_DATE='2025-11-09T19:39:36.142660+00:00' AIRFLOW_CTX_TRY_NUMBER='1' AIRFLOW_CTX_DAG_RUN_ID='manual__2025-11-09T19:39:36.142660+00:00'
[2025-11-09T19:39:38.294+0000] {base.py:73} INFO - Using connection ID 'spark-conn' for task execution.
[2025-11-09T19:39:38.295+0000] {spark_submit.py:403} INFO - Spark-Submit cmd: spark-submit --master spark://spark-master:7077 --conf spark.driver.memory=1g --conf spark.executor.memory=1g --conf spark.executor.instances=1 --packages org.apache.hudi:hudi-spark3.4-bundle_2.12:0.14.0,org.apache.hadoop:hadoop-aws:3.3.2 --name arrow-spark --deploy-mode client jobs/minio.py
[2025-11-09T19:39:38.411+0000] {spark_submit.py:579} INFO - /home/***/.local/lib/python3.9/site-packages/pyspark/bin/load-spark-env.sh: line 68: ps: command not found
[2025-11-09T19:39:39.818+0000] {spark_submit.py:579} INFO - :: loading settings :: url = jar:file:/home/***/.local/lib/python3.9/site-packages/pyspark/jars/ivy-2.5.1.jar!/org/apache/ivy/core/settings/ivysettings.xml
[2025-11-09T19:39:39.967+0000] {spark_submit.py:579} INFO - Ivy Default Cache set to: /home/***/.ivy2/cache
[2025-11-09T19:39:39.968+0000] {spark_submit.py:579} INFO - The jars for the packages stored in: /home/***/.ivy2/jars
[2025-11-09T19:39:39.972+0000] {spark_submit.py:579} INFO - org.apache.hudi#hudi-spark3.4-bundle_2.12 added as a dependency
[2025-11-09T19:39:39.973+0000] {spark_submit.py:579} INFO - org.apache.hadoop#hadoop-aws added as a dependency
[2025-11-09T19:39:39.973+0000] {spark_submit.py:579} INFO - :: resolving dependencies :: org.apache.spark#spark-submit-parent-33bbbe1c-6044-4122-80ea-bf11fba2dfff;1.0
[2025-11-09T19:39:39.974+0000] {spark_submit.py:579} INFO - confs: [default]
[2025-11-09T19:39:42.948+0000] {spark_submit.py:579} INFO - found org.apache.hudi#hudi-spark3.4-bundle_2.12;0.14.0 in central
[2025-11-09T19:39:45.313+0000] {spark_submit.py:579} INFO - found org.apache.hadoop#hadoop-aws;3.3.2 in central
[2025-11-09T19:39:46.416+0000] {spark_submit.py:579} INFO - found com.amazonaws#aws-java-sdk-bundle;1.11.1026 in central
[2025-11-09T19:39:48.305+0000] {spark_submit.py:579} INFO - found org.wildfly.openssl#wildfly-openssl;1.0.7.Final in central
[2025-11-09T19:39:48.351+0000] {spark_submit.py:579} INFO - downloading https://repo1.maven.org/maven2/org/apache/hudi/hudi-spark3.4-bundle_2.12/0.14.0/hudi-spark3.4-bundle_2.12-0.14.0.jar ...
[2025-11-09T19:40:15.548+0000] {spark_submit.py:579} INFO - [SUCCESSFUL ] org.apache.hudi#hudi-spark3.4-bundle_2.12;0.14.0!hudi-spark3.4-bundle_2.12.jar (27234ms)
[2025-11-09T19:40:15.599+0000] {spark_submit.py:579} INFO - downloading https://repo1.maven.org/maven2/org/apache/hadoop/hadoop-aws/3.3.2/hadoop-aws-3.3.2.jar ...
[2025-11-09T19:40:15.844+0000] {spark_submit.py:579} INFO - [SUCCESSFUL ] org.apache.hadoop#hadoop-aws;3.3.2!hadoop-aws.jar (295ms)
[2025-11-09T19:40:15.886+0000] {spark_submit.py:579} INFO - downloading https://repo1.maven.org/maven2/com/amazonaws/aws-java-sdk-bundle/1.11.1026/aws-java-sdk-bundle-1.11.1026.jar ...
[2025-11-09T19:41:13.889+0000] {spark_submit.py:579} INFO - [SUCCESSFUL ] com.amazonaws#aws-java-sdk-bundle;1.11.1026!aws-java-sdk-bundle.jar (58043ms)
[2025-11-09T19:41:13.932+0000] {spark_submit.py:579} INFO - downloading https://repo1.maven.org/maven2/org/wildfly/openssl/wildfly-openssl/1.0.7.Final/wildfly-openssl-1.0.7.Final.jar ...
[2025-11-09T19:41:14.082+0000] {spark_submit.py:579} INFO - [SUCCESSFUL ] org.wildfly.openssl#wildfly-openssl;1.0.7.Final!wildfly-openssl.jar (191ms)
[2025-11-09T19:41:14.082+0000] {spark_submit.py:579} INFO - :: resolution report :: resolve 8341ms :: artifacts dl 85768ms
[2025-11-09T19:41:14.083+0000] {spark_submit.py:579} INFO - :: modules in use:
[2025-11-09T19:41:14.083+0000] {spark_submit.py:579} INFO - com.amazonaws#aws-java-sdk-bundle;1.11.1026 from central in [default]
[2025-11-09T19:41:14.083+0000] {spark_submit.py:579} INFO - org.apache.hadoop#hadoop-aws;3.3.2 from central in [default]
[2025-11-09T19:41:14.083+0000] {spark_submit.py:579} INFO - org.apache.hudi#hudi-spark3.4-bundle_2.12;0.14.0 from central in [default]
[2025-11-09T19:41:14.083+0000] {spark_submit.py:579} INFO - org.wildfly.openssl#wildfly-openssl;1.0.7.Final from central in [default]
[2025-11-09T19:41:14.083+0000] {spark_submit.py:579} INFO - ---------------------------------------------------------------------
[2025-11-09T19:41:14.083+0000] {spark_submit.py:579} INFO - |                  |            modules            ||   artifacts   |
[2025-11-09T19:41:14.084+0000] {spark_submit.py:579} INFO - |       conf       | number| search|dwnlded|evicted|| number|dwnlded|
[2025-11-09T19:41:14.084+0000] {spark_submit.py:579} INFO - ---------------------------------------------------------------------
[2025-11-09T19:41:14.084+0000] {spark_submit.py:579} INFO - |      default     |   4   |   4   |   4   |   0   ||   4   |   4   |
[2025-11-09T19:41:14.084+0000] {spark_submit.py:579} INFO - ---------------------------------------------------------------------
[2025-11-09T19:41:14.094+0000] {spark_submit.py:579} INFO - :: retrieving :: org.apache.spark#spark-submit-parent-33bbbe1c-6044-4122-80ea-bf11fba2dfff
[2025-11-09T19:41:14.094+0000] {spark_submit.py:579} INFO - confs: [default]
[2025-11-09T19:41:15.414+0000] {spark_submit.py:579} INFO - 4 artifacts copied, 0 already retrieved (324965kB/1320ms)
[2025-11-09T19:41:15.662+0000] {spark_submit.py:579} INFO - 25/11/09 19:41:15 WARN NativeCodeLoader: Unable to load native-hadoop library for your platform... using builtin-java classes where applicable
[2025-11-09T19:41:17.667+0000] {spark_submit.py:579} INFO - 25/11/09 19:41:17 INFO SparkContext: Running Spark version 3.4.0
[2025-11-09T19:41:17.687+0000] {spark_submit.py:579} INFO - 25/11/09 19:41:17 INFO ResourceUtils: ==============================================================
[2025-11-09T19:41:17.688+0000] {spark_submit.py:579} INFO - 25/11/09 19:41:17 INFO ResourceUtils: No custom resources configured for spark.driver.
[2025-11-09T19:41:17.688+0000] {spark_submit.py:579} INFO - 25/11/09 19:41:17 INFO ResourceUtils: ==============================================================
[2025-11-09T19:41:17.688+0000] {spark_submit.py:579} INFO - 25/11/09 19:41:17 INFO SparkContext: Submitted application: arrow-spark
[2025-11-09T19:41:17.716+0000] {spark_submit.py:579} INFO - 25/11/09 19:41:17 INFO ResourceProfile: Default ResourceProfile created, executor resources: Map(memory -> name: memory, amount: 1024, script: , vendor: , offHeap -> name: offHeap, amount: 0, script: , vendor: ), task resources: Map(cpus -> name: cpus, amount: 1.0)
[2025-11-09T19:41:17.724+0000] {spark_submit.py:579} INFO - 25/11/09 19:41:17 INFO ResourceProfile: Limiting resource is cpu
[2025-11-09T19:41:17.724+0000] {spark_submit.py:579} INFO - 25/11/09 19:41:17 INFO ResourceProfileManager: Added ResourceProfile id: 0
[2025-11-09T19:41:17.792+0000] {spark_submit.py:579} INFO - 25/11/09 19:41:17 INFO SecurityManager: Changing view acls to: ***
[2025-11-09T19:41:17.793+0000] {spark_submit.py:579} INFO - 25/11/09 19:41:17 INFO SecurityManager: Changing modify acls to: ***
[2025-11-09T19:41:17.793+0000] {spark_submit.py:579} INFO - 25/11/09 19:41:17 INFO SecurityManager: Changing view acls groups to:
[2025-11-09T19:41:17.793+0000] {spark_submit.py:579} INFO - 25/11/09 19:41:17 INFO SecurityManager: Changing modify acls groups to:
[2025-11-09T19:41:17.793+0000] {spark_submit.py:579} INFO - 25/11/09 19:41:17 INFO SecurityManager: SecurityManager: authentication disabled; ui acls disabled; users with view permissions: ***; groups with view permissions: EMPTY; users with modify permissions: ***; groups with modify permissions: EMPTY
[2025-11-09T19:41:18.053+0000] {spark_submit.py:579} INFO - 25/11/09 19:41:18 INFO Utils: Successfully started service 'sparkDriver' on port 45639.
[2025-11-09T19:41:18.097+0000] {spark_submit.py:579} INFO - 25/11/09 19:41:18 INFO SparkEnv: Registering MapOutputTracker
[2025-11-09T19:41:18.139+0000] {spark_submit.py:579} INFO - 25/11/09 19:41:18 INFO SparkEnv: Registering BlockManagerMaster
[2025-11-09T19:41:18.165+0000] {spark_submit.py:579} INFO - 25/11/09 19:41:18 INFO BlockManagerMasterEndpoint: Using org.apache.spark.storage.DefaultTopologyMapper for getting topology information
[2025-11-09T19:41:18.166+0000] {spark_submit.py:579} INFO - 25/11/09 19:41:18 INFO BlockManagerMasterEndpoint: BlockManagerMasterEndpoint up
[2025-11-09T19:41:18.170+0000] {spark_submit.py:579} INFO - 25/11/09 19:41:18 INFO SparkEnv: Registering BlockManagerMasterHeartbeat
[2025-11-09T19:41:18.199+0000] {spark_submit.py:579} INFO - 25/11/09 19:41:18 INFO DiskBlockManager: Created local directory at /tmp/blockmgr-061826bc-1f7b-4d4a-9b9e-4a4a3dc3a0a3
[2025-11-09T19:41:18.217+0000] {spark_submit.py:579} INFO - 25/11/09 19:41:18 INFO MemoryStore: MemoryStore started with capacity 434.4 MiB
[2025-11-09T19:41:18.232+0000] {spark_submit.py:579} INFO - 25/11/09 19:41:18 INFO SparkEnv: Registering OutputCommitCoordinator
[2025-11-09T19:41:18.381+0000] {spark_submit.py:579} INFO - 25/11/09 19:41:18 INFO JettyUtils: Start Jetty 0.0.0.0:4040 for SparkUI
[2025-11-09T19:41:18.456+0000] {spark_submit.py:579} INFO - 25/11/09 19:41:18 INFO Utils: Successfully started service 'SparkUI' on port 4040.
[2025-11-09T19:41:18.485+0000] {spark_submit.py:579} INFO - 25/11/09 19:41:18 INFO SparkContext: Added JAR file:///home/***/.ivy2/jars/org.apache.hudi_hudi-spark3.4-bundle_2.12-0.14.0.jar at spark://8acfbc175bf9:45639/jars/org.apache.hudi_hudi-spark3.4-bundle_2.12-0.14.0.jar with timestamp 1762717277658
[2025-11-09T19:41:18.486+0000] {spark_submit.py:579} INFO - 25/11/09 19:41:18 INFO SparkContext: Added JAR file:///home/***/.ivy2/jars/org.apache.hadoop_hadoop-aws-3.3.2.jar at spark://8acfbc175bf9:45639/jars/org.apache.hadoop_hadoop-aws-3.3.2.jar with timestamp 1762717277658
[2025-11-09T19:41:18.486+0000] {spark_submit.py:579} INFO - 25/11/09 19:41:18 INFO SparkContext: Added JAR file:///home/***/.ivy2/jars/com.amazonaws_aws-java-sdk-bundle-1.11.1026.jar at spark://8acfbc175bf9:45639/jars/com.amazonaws_aws-java-sdk-bundle-1.11.1026.jar with timestamp 1762717277658
[2025-11-09T19:41:18.486+0000] {spark_submit.py:579} INFO - 25/11/09 19:41:18 INFO SparkContext: Added JAR file:///home/***/.ivy2/jars/org.wildfly.openssl_wildfly-openssl-1.0.7.Final.jar at spark://8acfbc175bf9:45639/jars/org.wildfly.openssl_wildfly-openssl-1.0.7.Final.jar with timestamp 1762717277658
[2025-11-09T19:41:18.487+0000] {spark_submit.py:579} INFO - 25/11/09 19:41:18 INFO SparkContext: Added file file:///home/***/.ivy2/jars/org.apache.hudi_hudi-spark3.4-bundle_2.12-0.14.0.jar at spark://8acfbc175bf9:45639/files/org.apache.hudi_hudi-spark3.4-bundle_2.12-0.14.0.jar with timestamp 1762717277658
[2025-11-09T19:41:18.488+0000] {spark_submit.py:579} INFO - 25/11/09 19:41:18 INFO Utils: Copying /home/***/.ivy2/jars/org.apache.hudi_hudi-spark3.4-bundle_2.12-0.14.0.jar to /tmp/spark-0aaf64c2-c5b6-41c8-a866-26faa9f73321/userFiles-18afae03-777a-4f2a-be74-f90cc62c171c/org.apache.hudi_hudi-spark3.4-bundle_2.12-0.14.0.jar
[2025-11-09T19:41:18.851+0000] {spark_submit.py:579} INFO - 25/11/09 19:41:18 INFO SparkContext: Added file file:///home/***/.ivy2/jars/org.apache.hadoop_hadoop-aws-3.3.2.jar at spark://8acfbc175bf9:45639/files/org.apache.hadoop_hadoop-aws-3.3.2.jar with timestamp 1762717277658
[2025-11-09T19:41:18.851+0000] {spark_submit.py:579} INFO - 25/11/09 19:41:18 INFO Utils: Copying /home/***/.ivy2/jars/org.apache.hadoop_hadoop-aws-3.3.2.jar to /tmp/spark-0aaf64c2-c5b6-41c8-a866-26faa9f73321/userFiles-18afae03-777a-4f2a-be74-f90cc62c171c/org.apache.hadoop_hadoop-aws-3.3.2.jar
[2025-11-09T19:41:18.859+0000] {spark_submit.py:579} INFO - 25/11/09 19:41:18 INFO SparkContext: Added file file:///home/***/.ivy2/jars/com.amazonaws_aws-java-sdk-bundle-1.11.1026.jar at spark://8acfbc175bf9:45639/files/com.amazonaws_aws-java-sdk-bundle-1.11.1026.jar with timestamp 1762717277658
[2025-11-09T19:41:18.860+0000] {spark_submit.py:579} INFO - 25/11/09 19:41:18 INFO Utils: Copying /home/***/.ivy2/jars/com.amazonaws_aws-java-sdk-bundle-1.11.1026.jar to /tmp/spark-0aaf64c2-c5b6-41c8-a866-26faa9f73321/userFiles-18afae03-777a-4f2a-be74-f90cc62c171c/com.amazonaws_aws-java-sdk-bundle-1.11.1026.jar
[2025-11-09T19:41:19.550+0000] {spark_submit.py:579} INFO - 25/11/09 19:41:19 INFO SparkContext: Added file file:///home/***/.ivy2/jars/org.wildfly.openssl_wildfly-openssl-1.0.7.Final.jar at spark://8acfbc175bf9:45639/files/org.wildfly.openssl_wildfly-openssl-1.0.7.Final.jar with timestamp 1762717277658
[2025-11-09T19:41:19.551+0000] {spark_submit.py:579} INFO - 25/11/09 19:41:19 INFO Utils: Copying /home/***/.ivy2/jars/org.wildfly.openssl_wildfly-openssl-1.0.7.Final.jar to /tmp/spark-0aaf64c2-c5b6-41c8-a866-26faa9f73321/userFiles-18afae03-777a-4f2a-be74-f90cc62c171c/org.wildfly.openssl_wildfly-openssl-1.0.7.Final.jar
[2025-11-09T19:41:19.639+0000] {spark_submit.py:579} INFO - 25/11/09 19:41:19 INFO StandaloneAppClient$ClientEndpoint: Connecting to master spark://spark-master:7077...
[2025-11-09T19:41:19.690+0000] {spark_submit.py:579} INFO - 25/11/09 19:41:19 INFO TransportClientFactory: Successfully created connection to spark-master/172.19.0.4:7077 after 25 ms (0 ms spent in bootstraps)
[2025-11-09T19:41:19.916+0000] {spark_submit.py:579} INFO - 25/11/09 19:41:19 INFO StandaloneSchedulerBackend: Connected to Spark cluster with app ID app-20251109194119-0000
[2025-11-09T19:41:19.931+0000] {spark_submit.py:579} INFO - 25/11/09 19:41:19 INFO Utils: Successfully started service 'org.apache.spark.network.netty.NettyBlockTransferService' on port 45115.
[2025-11-09T19:41:19.931+0000] {spark_submit.py:579} INFO - 25/11/09 19:41:19 INFO NettyBlockTransferService: Server created on 8acfbc175bf9:45115
[2025-11-09T19:41:19.935+0000] {spark_submit.py:579} INFO - 25/11/09 19:41:19 INFO BlockManager: Using org.apache.spark.storage.RandomBlockReplicationPolicy for block replication policy
[2025-11-09T19:41:19.943+0000] {spark_submit.py:579} INFO - 25/11/09 19:41:19 INFO StandaloneAppClient$ClientEndpoint: Executor added: app-20251109194119-0000/0 on worker-20251109193203-172.19.0.8-42697 (172.19.0.8:42697) with 4 core(s)
[2025-11-09T19:41:19.946+0000] {spark_submit.py:579} INFO - 25/11/09 19:41:19 INFO BlockManagerMaster: Registering BlockManager BlockManagerId(driver, 8acfbc175bf9, 45115, None)
[2025-11-09T19:41:19.947+0000] {spark_submit.py:579} INFO - 25/11/09 19:41:19 INFO StandaloneSchedulerBackend: Granted executor ID app-20251109194119-0000/0 on hostPort 172.19.0.8:42697 with 4 core(s), 1024.0 MiB RAM
[2025-11-09T19:41:19.950+0000] {spark_submit.py:579} INFO - 25/11/09 19:41:19 INFO BlockManagerMasterEndpoint: Registering block manager 8acfbc175bf9:45115 with 434.4 MiB RAM, BlockManagerId(driver, 8acfbc175bf9, 45115, None)
[2025-11-09T19:41:19.954+0000] {spark_submit.py:579} INFO - 25/11/09 19:41:19 INFO BlockManagerMaster: Registered BlockManager BlockManagerId(driver, 8acfbc175bf9, 45115, None)
[2025-11-09T19:41:19.955+0000] {spark_submit.py:579} INFO - 25/11/09 19:41:19 INFO BlockManager: Initialized BlockManager: BlockManagerId(driver, 8acfbc175bf9, 45115, None)
[2025-11-09T19:41:20.147+0000] {spark_submit.py:579} INFO - 25/11/09 19:41:20 INFO StandaloneAppClient$ClientEndpoint: Executor updated: app-20251109194119-0000/0 is now RUNNING
[2025-11-09T19:41:20.305+0000] {spark_submit.py:579} INFO - 25/11/09 19:41:20 INFO StandaloneSchedulerBackend: SchedulerBackend is ready for scheduling beginning after reached minRegisteredResourcesRatio: 0.0
[2025-11-09T19:41:22.047+0000] {spark_submit.py:579} INFO - 25/11/09 19:41:22 INFO SharedState: Setting hive.metastore.warehouse.dir ('null') to the value of spark.sql.warehouse.dir.
[2025-11-09T19:41:22.051+0000] {spark_submit.py:579} INFO - 25/11/09 19:41:22 INFO SharedState: Warehouse path is 'file:/opt/***/spark-warehouse'.
[2025-11-09T19:41:23.562+0000] {spark_submit.py:579} INFO - 25/11/09 19:41:23 INFO StandaloneSchedulerBackend$StandaloneDriverEndpoint: Registered executor NettyRpcEndpointRef(spark-client://Executor) (172.19.0.8:39412) with ID 0,  ResourceProfileId 0
[2025-11-09T19:41:23.643+0000] {spark_submit.py:579} INFO - 25/11/09 19:41:23 INFO BlockManagerMasterEndpoint: Registering block manager 172.19.0.8:37129 with 434.4 MiB RAM, BlockManagerId(0, 172.19.0.8, 37129, None)
[2025-11-09T19:41:25.875+0000] {spark_submit.py:579} INFO - 25/11/09 19:41:25 WARN MetricsConfig: Cannot locate configuration: tried hadoop-metrics2-s3a-file-system.properties,hadoop-metrics2.properties
[2025-11-09T19:41:25.893+0000] {spark_submit.py:579} INFO - 25/11/09 19:41:25 INFO MetricsSystemImpl: Scheduled Metric snapshot period at 10 second(s).
[2025-11-09T19:41:25.894+0000] {spark_submit.py:579} INFO - 25/11/09 19:41:25 INFO MetricsSystemImpl: s3a-file-system metrics system started
[2025-11-09T19:41:27.643+0000] {spark_submit.py:579} INFO - 25/11/09 19:41:27 WARN AbstractS3ACommitterFactory: Using standard FileOutputCommitter to commit work. This is slow and potentially unsafe.
[2025-11-09T19:41:27.644+0000] {spark_submit.py:579} INFO - 25/11/09 19:41:27 INFO FileOutputCommitter: File Output Committer Algorithm version is 1
[2025-11-09T19:41:27.644+0000] {spark_submit.py:579} INFO - 25/11/09 19:41:27 INFO FileOutputCommitter: FileOutputCommitter skip cleanup _temporary folders under output directory:false, ignore cleanup failures: false
[2025-11-09T19:41:27.644+0000] {spark_submit.py:579} INFO - 25/11/09 19:41:27 INFO AbstractS3ACommitterFactory: Using Committer FileOutputCommitter{PathOutputCommitter{context=TaskAttemptContextImpl{JobContextImpl{jobId=job_202511091941276220192947452812786_0000}; taskId=attempt_202511091941276220192947452812786_0000_m_000000_0, status=''}; org.apache.hadoop.mapreduce.lib.output.FileOutputCommitter@4cd4d8a9}; outputPath=s3a://test/outputv2_data, workPath=s3a://test/outputv2_data/_temporary/0/_temporary/attempt_202511091941276220192947452812786_0000_m_000000_0, algorithmVersion=1, skipCleanup=false, ignoreCleanupFailures=false} for s3a://test/outputv2_data
[2025-11-09T19:41:27.645+0000] {spark_submit.py:579} INFO - 25/11/09 19:41:27 INFO SQLHadoopMapReduceCommitProtocol: Using output committer class org.apache.hadoop.mapreduce.lib.output.FileOutputCommitter
[2025-11-09T19:41:28.026+0000] {spark_submit.py:579} INFO - 25/11/09 19:41:28 INFO CodeGenerator: Code generated in 165.295662 ms
[2025-11-09T19:41:28.054+0000] {spark_submit.py:579} INFO - 25/11/09 19:41:28 INFO SparkContext: Starting job: save at NativeMethodAccessorImpl.java:0
[2025-11-09T19:41:28.073+0000] {spark_submit.py:579} INFO - 25/11/09 19:41:28 INFO DAGScheduler: Got job 0 (save at NativeMethodAccessorImpl.java:0) with 2 output partitions
[2025-11-09T19:41:28.073+0000] {spark_submit.py:579} INFO - 25/11/09 19:41:28 INFO DAGScheduler: Final stage: ResultStage 0 (save at NativeMethodAccessorImpl.java:0)
[2025-11-09T19:41:28.074+0000] {spark_submit.py:579} INFO - 25/11/09 19:41:28 INFO DAGScheduler: Parents of final stage: List()
[2025-11-09T19:41:28.075+0000] {spark_submit.py:579} INFO - 25/11/09 19:41:28 INFO DAGScheduler: Missing parents: List()
[2025-11-09T19:41:28.080+0000] {spark_submit.py:579} INFO - 25/11/09 19:41:28 INFO DAGScheduler: Submitting ResultStage 0 (MapPartitionsRDD[6] at save at NativeMethodAccessorImpl.java:0), which has no missing parents
[2025-11-09T19:41:28.235+0000] {spark_submit.py:579} INFO - 25/11/09 19:41:28 INFO MemoryStore: Block broadcast_0 stored as values in memory (estimated size 219.7 KiB, free 434.2 MiB)
[2025-11-09T19:41:28.537+0000] {spark_submit.py:579} INFO - 25/11/09 19:41:28 INFO MemoryStore: Block broadcast_0_piece0 stored as bytes in memory (estimated size 79.9 KiB, free 434.1 MiB)
[2025-11-09T19:41:28.541+0000] {spark_submit.py:579} INFO - 25/11/09 19:41:28 INFO BlockManagerInfo: Added broadcast_0_piece0 in memory on 8acfbc175bf9:45115 (size: 79.9 KiB, free: 434.3 MiB)
[2025-11-09T19:41:28.545+0000] {spark_submit.py:579} INFO - 25/11/09 19:41:28 INFO SparkContext: Created broadcast 0 from broadcast at DAGScheduler.scala:1535
[2025-11-09T19:41:28.560+0000] {spark_submit.py:579} INFO - 25/11/09 19:41:28 INFO DAGScheduler: Submitting 2 missing tasks from ResultStage 0 (MapPartitionsRDD[6] at save at NativeMethodAccessorImpl.java:0) (first 15 tasks are for partitions Vector(0, 1))
[2025-11-09T19:41:28.561+0000] {spark_submit.py:579} INFO - 25/11/09 19:41:28 INFO TaskSchedulerImpl: Adding task set 0.0 with 2 tasks resource profile 0
[2025-11-09T19:41:30.269+0000] {spark_submit.py:579} INFO - 25/11/09 19:41:30 INFO TaskSetManager: Starting task 0.0 in stage 0.0 (TID 0) (172.19.0.8, executor 0, partition 0, PROCESS_LOCAL, 7276 bytes)
[2025-11-09T19:41:30.271+0000] {spark_submit.py:579} INFO - 25/11/09 19:41:30 INFO TaskSetManager: Starting task 1.0 in stage 0.0 (TID 1) (172.19.0.8, executor 0, partition 1, PROCESS_LOCAL, 7308 bytes)
[2025-11-09T19:41:30.884+0000] {spark_submit.py:579} INFO - 25/11/09 19:41:30 INFO BlockManagerInfo: Added broadcast_0_piece0 in memory on 172.19.0.8:37129 (size: 79.9 KiB, free: 434.3 MiB)
[2025-11-09T19:41:33.859+0000] {spark_submit.py:579} INFO - 25/11/09 19:41:33 INFO TaskSetManager: Finished task 0.0 in stage 0.0 (TID 0) in 3602 ms on 172.19.0.8 (executor 0) (1/2)
[2025-11-09T19:41:33.860+0000] {spark_submit.py:579} INFO - 25/11/09 19:41:33 INFO TaskSetManager: Finished task 1.0 in stage 0.0 (TID 1) in 3589 ms on 172.19.0.8 (executor 0) (2/2)
[2025-11-09T19:41:33.860+0000] {spark_submit.py:579} INFO - 25/11/09 19:41:33 INFO TaskSchedulerImpl: Removed TaskSet 0.0, whose tasks have all completed, from pool
[2025-11-09T19:41:33.863+0000] {spark_submit.py:579} INFO - 25/11/09 19:41:33 INFO PythonAccumulatorV2: Connected to AccumulatorServer at host: 127.0.0.1 port: 55445
[2025-11-09T19:41:33.869+0000] {spark_submit.py:579} INFO - 25/11/09 19:41:33 INFO DAGScheduler: ResultStage 0 (save at NativeMethodAccessorImpl.java:0) finished in 5.773 s
[2025-11-09T19:41:33.871+0000] {spark_submit.py:579} INFO - 25/11/09 19:41:33 INFO DAGScheduler: Job 0 is finished. Cancelling potential speculative or zombie tasks for this job
[2025-11-09T19:41:33.872+0000] {spark_submit.py:579} INFO - 25/11/09 19:41:33 INFO TaskSchedulerImpl: Killing all running tasks in stage 0: Stage finished
[2025-11-09T19:41:33.874+0000] {spark_submit.py:579} INFO - 25/11/09 19:41:33 INFO DAGScheduler: Job 0 finished: save at NativeMethodAccessorImpl.java:0, took 5.819509 s
[2025-11-09T19:41:33.876+0000] {spark_submit.py:579} INFO - 25/11/09 19:41:33 INFO FileFormatWriter: Start to commit write Job 4de62bc9-4315-4065-b0e6-3ce39e0b3c11.
[2025-11-09T19:41:34.174+0000] {spark_submit.py:579} INFO - 25/11/09 19:41:34 INFO FileFormatWriter: Write Job 4de62bc9-4315-4065-b0e6-3ce39e0b3c11 committed. Elapsed time: 296 ms.
[2025-11-09T19:41:34.177+0000] {spark_submit.py:579} INFO - 25/11/09 19:41:34 INFO FileFormatWriter: Finished processing stats for write job 4de62bc9-4315-4065-b0e6-3ce39e0b3c11.
[2025-11-09T19:41:34.182+0000] {spark_submit.py:579} INFO - Data written successfully to s3a://test/outputv2_data
[2025-11-09T19:41:34.183+0000] {spark_submit.py:579} INFO - 25/11/09 19:41:34 INFO SparkContext: SparkContext is stopping with exitCode 0.
[2025-11-09T19:41:34.198+0000] {spark_submit.py:579} INFO - 25/11/09 19:41:34 INFO SparkUI: Stopped Spark web UI at http://8acfbc175bf9:4040
[2025-11-09T19:41:34.203+0000] {spark_submit.py:579} INFO - 25/11/09 19:41:34 INFO StandaloneSchedulerBackend: Shutting down all executors
[2025-11-09T19:41:34.204+0000] {spark_submit.py:579} INFO - 25/11/09 19:41:34 INFO StandaloneSchedulerBackend$StandaloneDriverEndpoint: Asking each executor to shut down
[2025-11-09T19:41:34.227+0000] {spark_submit.py:579} INFO - 25/11/09 19:41:34 INFO MapOutputTrackerMasterEndpoint: MapOutputTrackerMasterEndpoint stopped!
[2025-11-09T19:41:34.248+0000] {spark_submit.py:579} INFO - 25/11/09 19:41:34 INFO MemoryStore: MemoryStore cleared
[2025-11-09T19:41:34.249+0000] {spark_submit.py:579} INFO - 25/11/09 19:41:34 INFO BlockManager: BlockManager stopped
[2025-11-09T19:41:34.256+0000] {spark_submit.py:579} INFO - 25/11/09 19:41:34 INFO BlockManagerMaster: BlockManagerMaster stopped
[2025-11-09T19:41:34.258+0000] {spark_submit.py:579} INFO - 25/11/09 19:41:34 INFO OutputCommitCoordinator$OutputCommitCoordinatorEndpoint: OutputCommitCoordinator stopped!
[2025-11-09T19:41:34.300+0000] {spark_submit.py:579} INFO - 25/11/09 19:41:34 INFO SparkContext: Successfully stopped SparkContext
[2025-11-09T19:41:35.078+0000] {spark_submit.py:579} INFO - 25/11/09 19:41:35 INFO ShutdownHookManager: Shutdown hook called
[2025-11-09T19:41:35.079+0000] {spark_submit.py:579} INFO - 25/11/09 19:41:35 INFO ShutdownHookManager: Deleting directory /tmp/spark-0aaf64c2-c5b6-41c8-a866-26faa9f73321
[2025-11-09T19:41:35.082+0000] {spark_submit.py:579} INFO - 25/11/09 19:41:35 INFO ShutdownHookManager: Deleting directory /tmp/spark-0aaf64c2-c5b6-41c8-a866-26faa9f73321/pyspark-3830fe0c-5b0d-4301-91ce-bb972cfa1cbd
[2025-11-09T19:41:35.087+0000] {spark_submit.py:579} INFO - 25/11/09 19:41:35 INFO ShutdownHookManager: Deleting directory /tmp/spark-451364be-15ef-44c3-afc6-6c7d51e60e25
[2025-11-09T19:41:35.096+0000] {spark_submit.py:579} INFO - 25/11/09 19:41:35 INFO MetricsSystemImpl: Stopping s3a-file-system metrics system...
[2025-11-09T19:41:35.096+0000] {spark_submit.py:579} INFO - 25/11/09 19:41:35 INFO MetricsSystemImpl: s3a-file-system metrics system stopped.
[2025-11-09T19:41:35.097+0000] {spark_submit.py:579} INFO - 25/11/09 19:41:35 INFO MetricsSystemImpl: s3a-file-system metrics system shutdown complete.
[2025-11-09T19:41:35.184+0000] {taskinstance.py:1398} INFO - Marking task as SUCCESS. dag_id=dag_incremental_etl, task_id=python_job, execution_date=20251109T193936, start_date=20251109T193938, end_date=20251109T194135
[2025-11-09T19:41:35.244+0000] {local_task_job_runner.py:228} INFO - Task exited with return code 0
[2025-11-09T19:41:35.268+0000] {taskinstance.py:2776} INFO - 1 downstream tasks scheduled from follow-on schedule check
