[2025-11-10T16:39:38.652+0000] {taskinstance.py:1157} INFO - Dependencies all met for dep_context=non-requeueable deps ti=<TaskInstance: dag_incremental_etl.python_job manual__2025-11-10T16:39:36.271027+00:00 [queued]>
[2025-11-10T16:39:38.659+0000] {taskinstance.py:1157} INFO - Dependencies all met for dep_context=requeueable deps ti=<TaskInstance: dag_incremental_etl.python_job manual__2025-11-10T16:39:36.271027+00:00 [queued]>
[2025-11-10T16:39:38.660+0000] {taskinstance.py:1359} INFO - Starting attempt 1 of 1
[2025-11-10T16:39:38.671+0000] {taskinstance.py:1380} INFO - Executing <Task(SparkSubmitOperator): python_job> on 2025-11-10 16:39:36.271027+00:00
[2025-11-10T16:39:38.677+0000] {standard_task_runner.py:57} INFO - Started process 781 to run task
[2025-11-10T16:39:38.679+0000] {standard_task_runner.py:84} INFO - Running: ['***', 'tasks', 'run', 'dag_incremental_etl', 'python_job', 'manual__2025-11-10T16:39:36.271027+00:00', '--job-id', '13', '--raw', '--subdir', 'DAGS_FOLDER/minio.py', '--cfg-path', '/tmp/tmpvr83esa4']
[2025-11-10T16:39:38.681+0000] {standard_task_runner.py:85} INFO - Job 13: Subtask python_job
[2025-11-10T16:39:38.733+0000] {task_command.py:415} INFO - Running <TaskInstance: dag_incremental_etl.python_job manual__2025-11-10T16:39:36.271027+00:00 [running]> on host 8a4887d64421
[2025-11-10T16:39:38.817+0000] {taskinstance.py:1660} INFO - Exporting env vars: AIRFLOW_CTX_DAG_OWNER='Soumil Shah' AIRFLOW_CTX_DAG_ID='dag_incremental_etl' AIRFLOW_CTX_TASK_ID='python_job' AIRFLOW_CTX_EXECUTION_DATE='2025-11-10T16:39:36.271027+00:00' AIRFLOW_CTX_TRY_NUMBER='1' AIRFLOW_CTX_DAG_RUN_ID='manual__2025-11-10T16:39:36.271027+00:00'
[2025-11-10T16:39:38.830+0000] {base.py:73} INFO - Using connection ID 'spark-conn' for task execution.
[2025-11-10T16:39:38.831+0000] {spark_submit.py:403} INFO - Spark-Submit cmd: spark-submit --master spark://spark-master:7077 --conf spark.driver.memory=1g --conf spark.executor.memory=1g --conf spark.executor.instances=1 --packages org.apache.hudi:hudi-spark3.4-bundle_2.12:0.14.0,org.apache.hadoop:hadoop-aws:3.3.2 --name arrow-spark --deploy-mode client jobs/minio_spark.py
[2025-11-10T16:39:38.952+0000] {spark_submit.py:579} INFO - /home/***/.local/lib/python3.9/site-packages/pyspark/bin/load-spark-env.sh: line 68: ps: command not found
[2025-11-10T16:39:40.666+0000] {spark_submit.py:579} INFO - :: loading settings :: url = jar:file:/home/***/.local/lib/python3.9/site-packages/pyspark/jars/ivy-2.5.1.jar!/org/apache/ivy/core/settings/ivysettings.xml
[2025-11-10T16:39:40.817+0000] {spark_submit.py:579} INFO - Ivy Default Cache set to: /home/***/.ivy2/cache
[2025-11-10T16:39:40.818+0000] {spark_submit.py:579} INFO - The jars for the packages stored in: /home/***/.ivy2/jars
[2025-11-10T16:39:40.826+0000] {spark_submit.py:579} INFO - org.apache.hudi#hudi-spark3.4-bundle_2.12 added as a dependency
[2025-11-10T16:39:40.827+0000] {spark_submit.py:579} INFO - org.apache.hadoop#hadoop-aws added as a dependency
[2025-11-10T16:39:40.827+0000] {spark_submit.py:579} INFO - :: resolving dependencies :: org.apache.spark#spark-submit-parent-c93e063d-a0ff-47b4-a1f9-af6890c8b969;1.0
[2025-11-10T16:39:40.828+0000] {spark_submit.py:579} INFO - confs: [default]
[2025-11-10T16:39:43.717+0000] {spark_submit.py:579} INFO - found org.apache.hudi#hudi-spark3.4-bundle_2.12;0.14.0 in central
[2025-11-10T16:39:46.789+0000] {spark_submit.py:579} INFO - found org.apache.hadoop#hadoop-aws;3.3.2 in central
[2025-11-10T16:39:48.031+0000] {spark_submit.py:579} INFO - found com.amazonaws#aws-java-sdk-bundle;1.11.1026 in central
[2025-11-10T16:39:51.079+0000] {spark_submit.py:579} INFO - found org.wildfly.openssl#wildfly-openssl;1.0.7.Final in central
[2025-11-10T16:39:51.151+0000] {spark_submit.py:579} INFO - downloading https://repo1.maven.org/maven2/org/apache/hudi/hudi-spark3.4-bundle_2.12/0.14.0/hudi-spark3.4-bundle_2.12-0.14.0.jar ...
[2025-11-10T16:40:22.894+0000] {spark_submit.py:579} INFO - [SUCCESSFUL ] org.apache.hudi#hudi-spark3.4-bundle_2.12;0.14.0!hudi-spark3.4-bundle_2.12.jar (31805ms)
[2025-11-10T16:40:22.960+0000] {spark_submit.py:579} INFO - downloading https://repo1.maven.org/maven2/org/apache/hadoop/hadoop-aws/3.3.2/hadoop-aws-3.3.2.jar ...
[2025-11-10T16:40:23.304+0000] {spark_submit.py:579} INFO - [SUCCESSFUL ] org.apache.hadoop#hadoop-aws;3.3.2!hadoop-aws.jar (407ms)
[2025-11-10T16:40:23.387+0000] {spark_submit.py:579} INFO - downloading https://repo1.maven.org/maven2/com/amazonaws/aws-java-sdk-bundle/1.11.1026/aws-java-sdk-bundle-1.11.1026.jar ...
[2025-11-10T16:41:31.227+0000] {spark_submit.py:579} INFO - [SUCCESSFUL ] com.amazonaws#aws-java-sdk-bundle;1.11.1026!aws-java-sdk-bundle.jar (67921ms)
[2025-11-10T16:41:31.299+0000] {spark_submit.py:579} INFO - downloading https://repo1.maven.org/maven2/org/wildfly/openssl/wildfly-openssl/1.0.7.Final/wildfly-openssl-1.0.7.Final.jar ...
[2025-11-10T16:41:31.471+0000] {spark_submit.py:579} INFO - [SUCCESSFUL ] org.wildfly.openssl#wildfly-openssl;1.0.7.Final!wildfly-openssl.jar (241ms)
[2025-11-10T16:41:31.471+0000] {spark_submit.py:579} INFO - :: resolution report :: resolve 10261ms :: artifacts dl 100383ms
[2025-11-10T16:41:31.471+0000] {spark_submit.py:579} INFO - :: modules in use:
[2025-11-10T16:41:31.471+0000] {spark_submit.py:579} INFO - com.amazonaws#aws-java-sdk-bundle;1.11.1026 from central in [default]
[2025-11-10T16:41:31.472+0000] {spark_submit.py:579} INFO - org.apache.hadoop#hadoop-aws;3.3.2 from central in [default]
[2025-11-10T16:41:31.472+0000] {spark_submit.py:579} INFO - org.apache.hudi#hudi-spark3.4-bundle_2.12;0.14.0 from central in [default]
[2025-11-10T16:41:31.472+0000] {spark_submit.py:579} INFO - org.wildfly.openssl#wildfly-openssl;1.0.7.Final from central in [default]
[2025-11-10T16:41:31.472+0000] {spark_submit.py:579} INFO - ---------------------------------------------------------------------
[2025-11-10T16:41:31.472+0000] {spark_submit.py:579} INFO - |                  |            modules            ||   artifacts   |
[2025-11-10T16:41:31.472+0000] {spark_submit.py:579} INFO - |       conf       | number| search|dwnlded|evicted|| number|dwnlded|
[2025-11-10T16:41:31.472+0000] {spark_submit.py:579} INFO - ---------------------------------------------------------------------
[2025-11-10T16:41:31.472+0000] {spark_submit.py:579} INFO - |      default     |   4   |   4   |   4   |   0   ||   4   |   4   |
[2025-11-10T16:41:31.472+0000] {spark_submit.py:579} INFO - ---------------------------------------------------------------------
[2025-11-10T16:41:31.477+0000] {spark_submit.py:579} INFO - :: retrieving :: org.apache.spark#spark-submit-parent-c93e063d-a0ff-47b4-a1f9-af6890c8b969
[2025-11-10T16:41:31.478+0000] {spark_submit.py:579} INFO - confs: [default]
[2025-11-10T16:41:33.316+0000] {spark_submit.py:579} INFO - 4 artifacts copied, 0 already retrieved (324965kB/1838ms)
[2025-11-10T16:41:33.616+0000] {spark_submit.py:579} INFO - 25/11/10 16:41:33 WARN NativeCodeLoader: Unable to load native-hadoop library for your platform... using builtin-java classes where applicable
[2025-11-10T16:41:35.708+0000] {spark_submit.py:579} INFO - 25/11/10 16:41:35 INFO SparkContext: Running Spark version 3.4.0
[2025-11-10T16:41:35.732+0000] {spark_submit.py:579} INFO - 25/11/10 16:41:35 INFO ResourceUtils: ==============================================================
[2025-11-10T16:41:35.732+0000] {spark_submit.py:579} INFO - 25/11/10 16:41:35 INFO ResourceUtils: No custom resources configured for spark.driver.
[2025-11-10T16:41:35.732+0000] {spark_submit.py:579} INFO - 25/11/10 16:41:35 INFO ResourceUtils: ==============================================================
[2025-11-10T16:41:35.732+0000] {spark_submit.py:579} INFO - 25/11/10 16:41:35 INFO SparkContext: Submitted application: arrow-spark
[2025-11-10T16:41:35.756+0000] {spark_submit.py:579} INFO - 25/11/10 16:41:35 INFO ResourceProfile: Default ResourceProfile created, executor resources: Map(memory -> name: memory, amount: 1024, script: , vendor: , offHeap -> name: offHeap, amount: 0, script: , vendor: ), task resources: Map(cpus -> name: cpus, amount: 1.0)
[2025-11-10T16:41:35.779+0000] {spark_submit.py:579} INFO - 25/11/10 16:41:35 INFO ResourceProfile: Limiting resource is cpu
[2025-11-10T16:41:35.779+0000] {spark_submit.py:579} INFO - 25/11/10 16:41:35 INFO ResourceProfileManager: Added ResourceProfile id: 0
[2025-11-10T16:41:35.852+0000] {spark_submit.py:579} INFO - 25/11/10 16:41:35 INFO SecurityManager: Changing view acls to: ***
[2025-11-10T16:41:35.853+0000] {spark_submit.py:579} INFO - 25/11/10 16:41:35 INFO SecurityManager: Changing modify acls to: ***
[2025-11-10T16:41:35.853+0000] {spark_submit.py:579} INFO - 25/11/10 16:41:35 INFO SecurityManager: Changing view acls groups to:
[2025-11-10T16:41:35.853+0000] {spark_submit.py:579} INFO - 25/11/10 16:41:35 INFO SecurityManager: Changing modify acls groups to:
[2025-11-10T16:41:35.854+0000] {spark_submit.py:579} INFO - 25/11/10 16:41:35 INFO SecurityManager: SecurityManager: authentication disabled; ui acls disabled; users with view permissions: ***; groups with view permissions: EMPTY; users with modify permissions: ***; groups with modify permissions: EMPTY
[2025-11-10T16:41:36.164+0000] {spark_submit.py:579} INFO - 25/11/10 16:41:36 INFO Utils: Successfully started service 'sparkDriver' on port 44331.
[2025-11-10T16:41:36.211+0000] {spark_submit.py:579} INFO - 25/11/10 16:41:36 INFO SparkEnv: Registering MapOutputTracker
[2025-11-10T16:41:36.256+0000] {spark_submit.py:579} INFO - 25/11/10 16:41:36 INFO SparkEnv: Registering BlockManagerMaster
[2025-11-10T16:41:36.285+0000] {spark_submit.py:579} INFO - 25/11/10 16:41:36 INFO BlockManagerMasterEndpoint: Using org.apache.spark.storage.DefaultTopologyMapper for getting topology information
[2025-11-10T16:41:36.285+0000] {spark_submit.py:579} INFO - 25/11/10 16:41:36 INFO BlockManagerMasterEndpoint: BlockManagerMasterEndpoint up
[2025-11-10T16:41:36.291+0000] {spark_submit.py:579} INFO - 25/11/10 16:41:36 INFO SparkEnv: Registering BlockManagerMasterHeartbeat
[2025-11-10T16:41:36.325+0000] {spark_submit.py:579} INFO - 25/11/10 16:41:36 INFO DiskBlockManager: Created local directory at /tmp/blockmgr-dfb8a893-1d53-4e2e-b268-0c9a046fad7f
[2025-11-10T16:41:36.340+0000] {spark_submit.py:579} INFO - 25/11/10 16:41:36 INFO MemoryStore: MemoryStore started with capacity 434.4 MiB
[2025-11-10T16:41:36.356+0000] {spark_submit.py:579} INFO - 25/11/10 16:41:36 INFO SparkEnv: Registering OutputCommitCoordinator
[2025-11-10T16:41:36.510+0000] {spark_submit.py:579} INFO - 25/11/10 16:41:36 INFO JettyUtils: Start Jetty 0.0.0.0:4040 for SparkUI
[2025-11-10T16:41:36.619+0000] {spark_submit.py:579} INFO - 25/11/10 16:41:36 INFO Utils: Successfully started service 'SparkUI' on port 4040.
[2025-11-10T16:41:36.657+0000] {spark_submit.py:579} INFO - 25/11/10 16:41:36 INFO SparkContext: Added JAR file:///home/***/.ivy2/jars/org.apache.hudi_hudi-spark3.4-bundle_2.12-0.14.0.jar at spark://8a4887d64421:44331/jars/org.apache.hudi_hudi-spark3.4-bundle_2.12-0.14.0.jar with timestamp 1762792895699
[2025-11-10T16:41:36.657+0000] {spark_submit.py:579} INFO - 25/11/10 16:41:36 INFO SparkContext: Added JAR file:///home/***/.ivy2/jars/org.apache.hadoop_hadoop-aws-3.3.2.jar at spark://8a4887d64421:44331/jars/org.apache.hadoop_hadoop-aws-3.3.2.jar with timestamp 1762792895699
[2025-11-10T16:41:36.658+0000] {spark_submit.py:579} INFO - 25/11/10 16:41:36 INFO SparkContext: Added JAR file:///home/***/.ivy2/jars/com.amazonaws_aws-java-sdk-bundle-1.11.1026.jar at spark://8a4887d64421:44331/jars/com.amazonaws_aws-java-sdk-bundle-1.11.1026.jar with timestamp 1762792895699
[2025-11-10T16:41:36.658+0000] {spark_submit.py:579} INFO - 25/11/10 16:41:36 INFO SparkContext: Added JAR file:///home/***/.ivy2/jars/org.wildfly.openssl_wildfly-openssl-1.0.7.Final.jar at spark://8a4887d64421:44331/jars/org.wildfly.openssl_wildfly-openssl-1.0.7.Final.jar with timestamp 1762792895699
[2025-11-10T16:41:36.659+0000] {spark_submit.py:579} INFO - 25/11/10 16:41:36 INFO SparkContext: Added file file:///home/***/.ivy2/jars/org.apache.hudi_hudi-spark3.4-bundle_2.12-0.14.0.jar at spark://8a4887d64421:44331/files/org.apache.hudi_hudi-spark3.4-bundle_2.12-0.14.0.jar with timestamp 1762792895699
[2025-11-10T16:41:36.661+0000] {spark_submit.py:579} INFO - 25/11/10 16:41:36 INFO Utils: Copying /home/***/.ivy2/jars/org.apache.hudi_hudi-spark3.4-bundle_2.12-0.14.0.jar to /tmp/spark-32bd663d-19c2-4bd8-8837-1151d16ab94d/userFiles-820ca17d-a0d1-4aae-8827-5a14719fc82e/org.apache.hudi_hudi-spark3.4-bundle_2.12-0.14.0.jar
[2025-11-10T16:41:36.941+0000] {spark_submit.py:579} INFO - 25/11/10 16:41:36 INFO SparkContext: Added file file:///home/***/.ivy2/jars/org.apache.hadoop_hadoop-aws-3.3.2.jar at spark://8a4887d64421:44331/files/org.apache.hadoop_hadoop-aws-3.3.2.jar with timestamp 1762792895699
[2025-11-10T16:41:36.941+0000] {spark_submit.py:579} INFO - 25/11/10 16:41:36 INFO Utils: Copying /home/***/.ivy2/jars/org.apache.hadoop_hadoop-aws-3.3.2.jar to /tmp/spark-32bd663d-19c2-4bd8-8837-1151d16ab94d/userFiles-820ca17d-a0d1-4aae-8827-5a14719fc82e/org.apache.hadoop_hadoop-aws-3.3.2.jar
[2025-11-10T16:41:36.949+0000] {spark_submit.py:579} INFO - 25/11/10 16:41:36 INFO SparkContext: Added file file:///home/***/.ivy2/jars/com.amazonaws_aws-java-sdk-bundle-1.11.1026.jar at spark://8a4887d64421:44331/files/com.amazonaws_aws-java-sdk-bundle-1.11.1026.jar with timestamp 1762792895699
[2025-11-10T16:41:36.949+0000] {spark_submit.py:579} INFO - 25/11/10 16:41:36 INFO Utils: Copying /home/***/.ivy2/jars/com.amazonaws_aws-java-sdk-bundle-1.11.1026.jar to /tmp/spark-32bd663d-19c2-4bd8-8837-1151d16ab94d/userFiles-820ca17d-a0d1-4aae-8827-5a14719fc82e/com.amazonaws_aws-java-sdk-bundle-1.11.1026.jar
[2025-11-10T16:41:37.783+0000] {spark_submit.py:579} INFO - 25/11/10 16:41:37 INFO SparkContext: Added file file:///home/***/.ivy2/jars/org.wildfly.openssl_wildfly-openssl-1.0.7.Final.jar at spark://8a4887d64421:44331/files/org.wildfly.openssl_wildfly-openssl-1.0.7.Final.jar with timestamp 1762792895699
[2025-11-10T16:41:37.783+0000] {spark_submit.py:579} INFO - 25/11/10 16:41:37 INFO Utils: Copying /home/***/.ivy2/jars/org.wildfly.openssl_wildfly-openssl-1.0.7.Final.jar to /tmp/spark-32bd663d-19c2-4bd8-8837-1151d16ab94d/userFiles-820ca17d-a0d1-4aae-8827-5a14719fc82e/org.wildfly.openssl_wildfly-openssl-1.0.7.Final.jar
[2025-11-10T16:41:37.889+0000] {spark_submit.py:579} INFO - 25/11/10 16:41:37 INFO StandaloneAppClient$ClientEndpoint: Connecting to master spark://spark-master:7077...
[2025-11-10T16:41:37.947+0000] {spark_submit.py:579} INFO - 25/11/10 16:41:37 INFO TransportClientFactory: Successfully created connection to spark-master/172.18.0.4:7077 after 30 ms (0 ms spent in bootstraps)
[2025-11-10T16:41:38.270+0000] {spark_submit.py:579} INFO - 25/11/10 16:41:38 INFO StandaloneSchedulerBackend: Connected to Spark cluster with app ID app-20251110164138-0000
[2025-11-10T16:41:38.281+0000] {spark_submit.py:579} INFO - 25/11/10 16:41:38 INFO Utils: Successfully started service 'org.apache.spark.network.netty.NettyBlockTransferService' on port 33717.
[2025-11-10T16:41:38.282+0000] {spark_submit.py:579} INFO - 25/11/10 16:41:38 INFO NettyBlockTransferService: Server created on 8a4887d64421:33717
[2025-11-10T16:41:38.284+0000] {spark_submit.py:579} INFO - 25/11/10 16:41:38 INFO BlockManager: Using org.apache.spark.storage.RandomBlockReplicationPolicy for block replication policy
[2025-11-10T16:41:38.291+0000] {spark_submit.py:579} INFO - 25/11/10 16:41:38 INFO BlockManagerMaster: Registering BlockManager BlockManagerId(driver, 8a4887d64421, 33717, None)
[2025-11-10T16:41:38.295+0000] {spark_submit.py:579} INFO - 25/11/10 16:41:38 INFO BlockManagerMasterEndpoint: Registering block manager 8a4887d64421:33717 with 434.4 MiB RAM, BlockManagerId(driver, 8a4887d64421, 33717, None)
[2025-11-10T16:41:38.300+0000] {spark_submit.py:579} INFO - 25/11/10 16:41:38 INFO BlockManagerMaster: Registered BlockManager BlockManagerId(driver, 8a4887d64421, 33717, None)
[2025-11-10T16:41:38.302+0000] {spark_submit.py:579} INFO - 25/11/10 16:41:38 INFO BlockManager: Initialized BlockManager: BlockManagerId(driver, 8a4887d64421, 33717, None)
[2025-11-10T16:41:38.328+0000] {spark_submit.py:579} INFO - 25/11/10 16:41:38 INFO StandaloneAppClient$ClientEndpoint: Executor added: app-20251110164138-0000/0 on worker-20251110161443-172.18.0.7-39133 (172.18.0.7:39133) with 4 core(s)
[2025-11-10T16:41:38.331+0000] {spark_submit.py:579} INFO - 25/11/10 16:41:38 INFO StandaloneSchedulerBackend: Granted executor ID app-20251110164138-0000/0 on hostPort 172.18.0.7:39133 with 4 core(s), 1024.0 MiB RAM
[2025-11-10T16:41:38.596+0000] {spark_submit.py:579} INFO - 25/11/10 16:41:38 INFO StandaloneSchedulerBackend: SchedulerBackend is ready for scheduling beginning after reached minRegisteredResourcesRatio: 0.0
[2025-11-10T16:41:38.801+0000] {spark_submit.py:579} INFO - 25/11/10 16:41:38 INFO StandaloneAppClient$ClientEndpoint: Executor updated: app-20251110164138-0000/0 is now RUNNING
[2025-11-10T16:41:40.418+0000] {spark_submit.py:579} INFO - 25/11/10 16:41:40 INFO SharedState: Setting hive.metastore.warehouse.dir ('null') to the value of spark.sql.warehouse.dir.
[2025-11-10T16:41:40.420+0000] {spark_submit.py:579} INFO - 25/11/10 16:41:40 INFO SharedState: Warehouse path is 'file:/opt/***/spark-warehouse'.
[2025-11-10T16:41:41.939+0000] {spark_submit.py:579} INFO - 25/11/10 16:41:41 INFO StandaloneSchedulerBackend$StandaloneDriverEndpoint: Registered executor NettyRpcEndpointRef(spark-client://Executor) (172.18.0.7:56446) with ID 0,  ResourceProfileId 0
[2025-11-10T16:41:42.038+0000] {spark_submit.py:579} INFO - 25/11/10 16:41:42 INFO BlockManagerMasterEndpoint: Registering block manager 172.18.0.7:34467 with 434.4 MiB RAM, BlockManagerId(0, 172.18.0.7, 34467, None)
[2025-11-10T16:41:43.816+0000] {spark_submit.py:579} INFO - 25/11/10 16:41:43 WARN MetricsConfig: Cannot locate configuration: tried hadoop-metrics2-s3a-file-system.properties,hadoop-metrics2.properties
[2025-11-10T16:41:43.832+0000] {spark_submit.py:579} INFO - 25/11/10 16:41:43 INFO MetricsSystemImpl: Scheduled Metric snapshot period at 10 second(s).
[2025-11-10T16:41:43.832+0000] {spark_submit.py:579} INFO - 25/11/10 16:41:43 INFO MetricsSystemImpl: s3a-file-system metrics system started
[2025-11-10T16:41:45.118+0000] {spark_submit.py:579} INFO - 25/11/10 16:41:45 WARN AbstractS3ACommitterFactory: Using standard FileOutputCommitter to commit work. This is slow and potentially unsafe.
[2025-11-10T16:41:45.119+0000] {spark_submit.py:579} INFO - 25/11/10 16:41:45 INFO FileOutputCommitter: File Output Committer Algorithm version is 1
[2025-11-10T16:41:45.119+0000] {spark_submit.py:579} INFO - 25/11/10 16:41:45 INFO FileOutputCommitter: FileOutputCommitter skip cleanup _temporary folders under output directory:false, ignore cleanup failures: false
[2025-11-10T16:41:45.120+0000] {spark_submit.py:579} INFO - 25/11/10 16:41:45 INFO AbstractS3ACommitterFactory: Using Committer FileOutputCommitter{PathOutputCommitter{context=TaskAttemptContextImpl{JobContextImpl{jobId=job_202511101641454595784078833206362_0000}; taskId=attempt_202511101641454595784078833206362_0000_m_000000_0, status=''}; org.apache.hadoop.mapreduce.lib.output.FileOutputCommitter@7b251fa2}; outputPath=s3a://test/outputv2_data, workPath=s3a://test/outputv2_data/_temporary/0/_temporary/attempt_202511101641454595784078833206362_0000_m_000000_0, algorithmVersion=1, skipCleanup=false, ignoreCleanupFailures=false} for s3a://test/outputv2_data
[2025-11-10T16:41:45.120+0000] {spark_submit.py:579} INFO - 25/11/10 16:41:45 INFO SQLHadoopMapReduceCommitProtocol: Using output committer class org.apache.hadoop.mapreduce.lib.output.FileOutputCommitter
[2025-11-10T16:41:45.555+0000] {spark_submit.py:579} INFO - 25/11/10 16:41:45 INFO CodeGenerator: Code generated in 175.013779 ms
[2025-11-10T16:41:45.585+0000] {spark_submit.py:579} INFO - 25/11/10 16:41:45 INFO SparkContext: Starting job: save at NativeMethodAccessorImpl.java:0
[2025-11-10T16:41:45.602+0000] {spark_submit.py:579} INFO - 25/11/10 16:41:45 INFO DAGScheduler: Got job 0 (save at NativeMethodAccessorImpl.java:0) with 2 output partitions
[2025-11-10T16:41:45.603+0000] {spark_submit.py:579} INFO - 25/11/10 16:41:45 INFO DAGScheduler: Final stage: ResultStage 0 (save at NativeMethodAccessorImpl.java:0)
[2025-11-10T16:41:45.603+0000] {spark_submit.py:579} INFO - 25/11/10 16:41:45 INFO DAGScheduler: Parents of final stage: List()
[2025-11-10T16:41:45.604+0000] {spark_submit.py:579} INFO - 25/11/10 16:41:45 INFO DAGScheduler: Missing parents: List()
[2025-11-10T16:41:45.609+0000] {spark_submit.py:579} INFO - 25/11/10 16:41:45 INFO DAGScheduler: Submitting ResultStage 0 (MapPartitionsRDD[6] at save at NativeMethodAccessorImpl.java:0), which has no missing parents
[2025-11-10T16:41:45.753+0000] {spark_submit.py:579} INFO - 25/11/10 16:41:45 INFO MemoryStore: Block broadcast_0 stored as values in memory (estimated size 219.7 KiB, free 434.2 MiB)
[2025-11-10T16:41:46.065+0000] {spark_submit.py:579} INFO - 25/11/10 16:41:46 INFO MemoryStore: Block broadcast_0_piece0 stored as bytes in memory (estimated size 79.9 KiB, free 434.1 MiB)
[2025-11-10T16:41:46.068+0000] {spark_submit.py:579} INFO - 25/11/10 16:41:46 INFO BlockManagerInfo: Added broadcast_0_piece0 in memory on 8a4887d64421:33717 (size: 79.9 KiB, free: 434.3 MiB)
[2025-11-10T16:41:46.070+0000] {spark_submit.py:579} INFO - 25/11/10 16:41:46 INFO SparkContext: Created broadcast 0 from broadcast at DAGScheduler.scala:1535
[2025-11-10T16:41:46.087+0000] {spark_submit.py:579} INFO - 25/11/10 16:41:46 INFO DAGScheduler: Submitting 2 missing tasks from ResultStage 0 (MapPartitionsRDD[6] at save at NativeMethodAccessorImpl.java:0) (first 15 tasks are for partitions Vector(0, 1))
[2025-11-10T16:41:46.088+0000] {spark_submit.py:579} INFO - 25/11/10 16:41:46 INFO TaskSchedulerImpl: Adding task set 0.0 with 2 tasks resource profile 0
[2025-11-10T16:41:47.901+0000] {spark_submit.py:579} INFO - 25/11/10 16:41:47 INFO TaskSetManager: Starting task 0.0 in stage 0.0 (TID 0) (172.18.0.7, executor 0, partition 0, PROCESS_LOCAL, 7276 bytes)
[2025-11-10T16:41:47.906+0000] {spark_submit.py:579} INFO - 25/11/10 16:41:47 INFO TaskSetManager: Starting task 1.0 in stage 0.0 (TID 1) (172.18.0.7, executor 0, partition 1, PROCESS_LOCAL, 7308 bytes)
[2025-11-10T16:41:48.464+0000] {spark_submit.py:579} INFO - 25/11/10 16:41:48 INFO BlockManagerInfo: Added broadcast_0_piece0 in memory on 172.18.0.7:34467 (size: 79.9 KiB, free: 434.3 MiB)
[2025-11-10T16:41:51.814+0000] {spark_submit.py:579} INFO - 25/11/10 16:41:51 INFO TaskSetManager: Finished task 0.0 in stage 0.0 (TID 0) in 3925 ms on 172.18.0.7 (executor 0) (1/2)
[2025-11-10T16:41:51.815+0000] {spark_submit.py:579} INFO - 25/11/10 16:41:51 INFO TaskSetManager: Finished task 1.0 in stage 0.0 (TID 1) in 3910 ms on 172.18.0.7 (executor 0) (2/2)
[2025-11-10T16:41:51.816+0000] {spark_submit.py:579} INFO - 25/11/10 16:41:51 INFO TaskSchedulerImpl: Removed TaskSet 0.0, whose tasks have all completed, from pool
[2025-11-10T16:41:51.819+0000] {spark_submit.py:579} INFO - 25/11/10 16:41:51 INFO PythonAccumulatorV2: Connected to AccumulatorServer at host: 127.0.0.1 port: 53523
[2025-11-10T16:41:51.825+0000] {spark_submit.py:579} INFO - 25/11/10 16:41:51 INFO DAGScheduler: ResultStage 0 (save at NativeMethodAccessorImpl.java:0) finished in 6.201 s
[2025-11-10T16:41:51.827+0000] {spark_submit.py:579} INFO - 25/11/10 16:41:51 INFO DAGScheduler: Job 0 is finished. Cancelling potential speculative or zombie tasks for this job
[2025-11-10T16:41:51.827+0000] {spark_submit.py:579} INFO - 25/11/10 16:41:51 INFO TaskSchedulerImpl: Killing all running tasks in stage 0: Stage finished
[2025-11-10T16:41:51.829+0000] {spark_submit.py:579} INFO - 25/11/10 16:41:51 INFO DAGScheduler: Job 0 finished: save at NativeMethodAccessorImpl.java:0, took 6.244174 s
[2025-11-10T16:41:51.832+0000] {spark_submit.py:579} INFO - 25/11/10 16:41:51 INFO FileFormatWriter: Start to commit write Job 546d8b63-2c9e-459d-a855-941c2251bbae.
[2025-11-10T16:41:52.210+0000] {spark_submit.py:579} INFO - 25/11/10 16:41:52 INFO FileFormatWriter: Write Job 546d8b63-2c9e-459d-a855-941c2251bbae committed. Elapsed time: 376 ms.
[2025-11-10T16:41:52.215+0000] {spark_submit.py:579} INFO - 25/11/10 16:41:52 INFO FileFormatWriter: Finished processing stats for write job 546d8b63-2c9e-459d-a855-941c2251bbae.
[2025-11-10T16:41:52.223+0000] {spark_submit.py:579} INFO - Data written successfully to s3a://test/outputv2_data
[2025-11-10T16:41:52.224+0000] {spark_submit.py:579} INFO - 25/11/10 16:41:52 INFO SparkContext: SparkContext is stopping with exitCode 0.
[2025-11-10T16:41:52.239+0000] {spark_submit.py:579} INFO - 25/11/10 16:41:52 INFO SparkUI: Stopped Spark web UI at http://8a4887d64421:4040
[2025-11-10T16:41:52.247+0000] {spark_submit.py:579} INFO - 25/11/10 16:41:52 INFO StandaloneSchedulerBackend: Shutting down all executors
[2025-11-10T16:41:52.248+0000] {spark_submit.py:579} INFO - 25/11/10 16:41:52 INFO StandaloneSchedulerBackend$StandaloneDriverEndpoint: Asking each executor to shut down
[2025-11-10T16:41:52.275+0000] {spark_submit.py:579} INFO - 25/11/10 16:41:52 INFO MapOutputTrackerMasterEndpoint: MapOutputTrackerMasterEndpoint stopped!
[2025-11-10T16:41:52.300+0000] {spark_submit.py:579} INFO - 25/11/10 16:41:52 INFO MemoryStore: MemoryStore cleared
[2025-11-10T16:41:52.301+0000] {spark_submit.py:579} INFO - 25/11/10 16:41:52 INFO BlockManager: BlockManager stopped
[2025-11-10T16:41:52.306+0000] {spark_submit.py:579} INFO - 25/11/10 16:41:52 INFO BlockManagerMaster: BlockManagerMaster stopped
[2025-11-10T16:41:52.308+0000] {spark_submit.py:579} INFO - 25/11/10 16:41:52 INFO OutputCommitCoordinator$OutputCommitCoordinatorEndpoint: OutputCommitCoordinator stopped!
[2025-11-10T16:41:52.364+0000] {spark_submit.py:579} INFO - 25/11/10 16:41:52 INFO SparkContext: Successfully stopped SparkContext
[2025-11-10T16:41:53.020+0000] {spark_submit.py:579} INFO - 25/11/10 16:41:53 INFO ShutdownHookManager: Shutdown hook called
[2025-11-10T16:41:53.021+0000] {spark_submit.py:579} INFO - 25/11/10 16:41:53 INFO ShutdownHookManager: Deleting directory /tmp/spark-32bd663d-19c2-4bd8-8837-1151d16ab94d
[2025-11-10T16:41:53.025+0000] {spark_submit.py:579} INFO - 25/11/10 16:41:53 INFO ShutdownHookManager: Deleting directory /tmp/spark-32bd663d-19c2-4bd8-8837-1151d16ab94d/pyspark-ddd5de8a-9c7d-41d1-b52f-915db13c035a
[2025-11-10T16:41:53.028+0000] {spark_submit.py:579} INFO - 25/11/10 16:41:53 INFO ShutdownHookManager: Deleting directory /tmp/spark-1d558c4d-0df6-49cd-ba9f-c9cb50636e0a
[2025-11-10T16:41:53.035+0000] {spark_submit.py:579} INFO - 25/11/10 16:41:53 INFO MetricsSystemImpl: Stopping s3a-file-system metrics system...
[2025-11-10T16:41:53.036+0000] {spark_submit.py:579} INFO - 25/11/10 16:41:53 INFO MetricsSystemImpl: s3a-file-system metrics system stopped.
[2025-11-10T16:41:53.037+0000] {spark_submit.py:579} INFO - 25/11/10 16:41:53 INFO MetricsSystemImpl: s3a-file-system metrics system shutdown complete.
[2025-11-10T16:41:53.111+0000] {taskinstance.py:1398} INFO - Marking task as SUCCESS. dag_id=dag_incremental_etl, task_id=python_job, execution_date=20251110T163936, start_date=20251110T163938, end_date=20251110T164153
[2025-11-10T16:41:53.140+0000] {local_task_job_runner.py:228} INFO - Task exited with return code 0
[2025-11-10T16:41:53.160+0000] {taskinstance.py:2776} INFO - 1 downstream tasks scheduled from follow-on schedule check
